This file contains any messages produced by compilers while
running configure, to aid debugging if configure makes a mistake.

It was created by configure, which was
generated by GNU Autoconf 2.59.  Invocation command line was

  $ /home/jared/gmp/configure 

## --------- ##
## Platform. ##
## --------- ##

hostname = lostsidedead
uname -m = i686
uname -r = 2.6.12-10-386
uname -s = Linux
uname -v = #1 Mon Jan 16 17:18:08 UTC 2006

/usr/bin/uname -p = unknown
/bin/uname -X     = unknown

/bin/arch              = i686
/usr/bin/arch -k       = unknown
/usr/convex/getsysinfo = unknown
hostinfo               = unknown
/bin/machine           = unknown
/usr/bin/oslevel       = unknown
/bin/universe          = unknown

PATH: /usr/local/bin
PATH: /usr/local/sbin
PATH: /sbin
PATH: /usr/sbin
PATH: /bin
PATH: /usr/bin
PATH: /usr/bin/X11
PATH: /usr/games


## ----------- ##
## Core tests. ##
## ----------- ##

configure:1539: checking for a BSD-compatible install
configure:1594: result: /usr/bin/install -c
configure:1605: checking whether build environment is sane
configure:1648: result: yes
configure:1713: checking for gawk
configure:1742: result: no
configure:1713: checking for mawk
configure:1729: found /usr/bin/mawk
configure:1739: result: mawk
configure:1749: checking whether make sets $(MAKE)
configure:1769: result: yes
configure:1990: checking for gcc
configure:2006: found /usr/bin/gcc
configure:2016: result: gcc
configure:2260: checking for C compiler version
configure:2263: gcc --version </dev/null >&5
gcc (GCC) 4.0.2 20050808 (prerelease) (Ubuntu 4.0.1-4ubuntu9)
Copyright (C) 2005 Free Software Foundation, Inc.
This is free software; see the source for copying conditions.  There is NO
warranty; not even for MERCHANTABILITY or FITNESS FOR A PARTICULAR PURPOSE.

configure:2266: $? = 0
configure:2268: gcc -v </dev/null >&5
Using built-in specs.
Target: i486-linux-gnu
Configured with: ../src/configure -v --enable-languages=c,c++,java,f95,objc,ada,treelang --prefix=/usr --with-gxx-include-dir=/usr/include/c++/4.0.2 --enable-shared --with-system-zlib --libexecdir=/usr/lib --enable-nls --without-included-gettext --enable-threads=posix --program-suffix=-4.0 --enable-__cxa_atexit --enable-libstdcxx-allocator=mt --enable-clocale=gnu --enable-libstdcxx-debug --enable-java-gc=boehm --enable-java-awt=gtk --enable-gtk-cairo --with-java-home=/usr/lib/jvm/java-1.4.2-gcj-4.0-1.4.2.0/jre --enable-mpfr --disable-werror --enable-checking=release i486-linux-gnu
Thread model: posix
gcc version 4.0.2 20050808 (prerelease) (Ubuntu 4.0.1-4ubuntu9)
configure:2271: $? = 0
configure:2273: gcc -V </dev/null >&5
gcc: '-V' option must have argument
configure:2276: $? = 1
configure:2299: checking for C compiler default output file name
configure:2302: gcc -O0 -g3  -DORBIT2=1 -pthread -I/usr/local/include/gtk-2.0 -I/usr/local/lib/gtk-2.0/include -I/usr/include/libgnomeui-2.0 -I/usr/include/libgnome-2.0 -I/usr/include/libgnomecanvas-2.0 -I/usr/include/libart-2.0 -I/usr/include/gconf/2 -I/usr/include/libbonoboui-2.0 -I/usr/include/gnome-vfs-2.0 -I/usr/lib/gnome-vfs-2.0/include -I/usr/include/gnome-keyring-1 -I/usr/include/glib-2.0 -I/usr/lib/glib-2.0/include -I/usr/include/orbit-2.0 -I/usr/include/libbonobo-2.0 -I/usr/include/bonobo-activation-2.0 -I/usr/include/pango-1.0 -I/usr/include/freetype2 -I/usr/include/atk-1.0 -I/usr/include/cairo -I/usr/include/libxml2   -I/usr/local/include/gtk-2.0 -I/usr/local/lib/gtk-2.0/include -I/usr/include/atk-1.0 -I/usr/include/cairo -I/usr/include/pango-1.0 -I/usr/include/glib-2.0 -I/usr/lib/glib-2.0/include    -I/usr/local/include/gtk-2.0 -I/usr/local/lib/gtk-2.0/include -I/usr/include/pango-1.0 -I/usr/include/cairo -I/usr/include/glib-2.0 -I/usr/lib/glib-2.0/include   -Wl,--export-dynamic -pthread -L/usr/local/lib -lgnomeui-2 -lSM -lICE -lbonoboui-2 -lgnome-keyring -lxml2 -lz -lgnomecanvas-2 -lgnome-2 -lpopt -lart_lgpl_2 -lpangoft2-1.0 -lgtk-x11-2.0 -lgdk-x11-2.0 -latk-1.0 -lgdk_pixbuf-2.0 -lpangocairo-1.0 -lpango-1.0 -lcairo -lgnomevfs-2 -lbonobo-2 -lgconf-2 -lgobject-2.0 -lbonobo-activation -lORBit-2 -lm -lgmodule-2.0 -ldl -lgthread-2.0 -lglib-2.0   -L/usr/local/lib -lgtk-x11-2.0 -lgdk-x11-2.0 -latk-1.0 -lgdk_pixbuf-2.0 -lm -lpangocairo-1.0 -lpango-1.0 -lcairo -lgobject-2.0 -lgmodule-2.0 -ldl -lglib-2.0    -L/usr/local/lib -lgdk-x11-2.0 -lgdk_pixbuf-2.0 -lm -lpangocairo-1.0 -lpango-1.0 -lcairo -lgobject-2.0 -lgmodule-2.0 -ldl -lglib-2.0   conftest.c  >&5
configure:2305: $? = 0
configure:2351: result: a.out
configure:2356: checking whether the C compiler works
configure:2362: ./a.out
configure:2365: $? = 0
configure:2382: result: yes
configure:2389: checking whether we are cross compiling
configure:2391: result: no
configure:2394: checking for suffix of executables
configure:2396: gcc -o conftest -O0 -g3  -DORBIT2=1 -pthread -I/usr/local/include/gtk-2.0 -I/usr/local/lib/gtk-2.0/include -I/usr/include/libgnomeui-2.0 -I/usr/include/libgnome-2.0 -I/usr/include/libgnomecanvas-2.0 -I/usr/include/libart-2.0 -I/usr/include/gconf/2 -I/usr/include/libbonoboui-2.0 -I/usr/include/gnome-vfs-2.0 -I/usr/lib/gnome-vfs-2.0/include -I/usr/include/gnome-keyring-1 -I/usr/include/glib-2.0 -I/usr/lib/glib-2.0/include -I/usr/include/orbit-2.0 -I/usr/include/libbonobo-2.0 -I/usr/include/bonobo-activation-2.0 -I/usr/include/pango-1.0 -I/usr/include/freetype2 -I/usr/include/atk-1.0 -I/usr/include/cairo -I/usr/include/libxml2   -I/usr/local/include/gtk-2.0 -I/usr/local/lib/gtk-2.0/include -I/usr/include/atk-1.0 -I/usr/include/cairo -I/usr/include/pango-1.0 -I/usr/include/glib-2.0 -I/usr/lib/glib-2.0/include    -I/usr/local/include/gtk-2.0 -I/usr/local/lib/gtk-2.0/include -I/usr/include/pango-1.0 -I/usr/include/cairo -I/usr/include/glib-2.0 -I/usr/lib/glib-2.0/include   -Wl,--export-dynamic -pthread -L/usr/local/lib -lgnomeui-2 -lSM -lICE -lbonoboui-2 -lgnome-keyring -lxml2 -lz -lgnomecanvas-2 -lgnome-2 -lpopt -lart_lgpl_2 -lpangoft2-1.0 -lgtk-x11-2.0 -lgdk-x11-2.0 -latk-1.0 -lgdk_pixbuf-2.0 -lpangocairo-1.0 -lpango-1.0 -lcairo -lgnomevfs-2 -lbonobo-2 -lgconf-2 -lgobject-2.0 -lbonobo-activation -lORBit-2 -lm -lgmodule-2.0 -ldl -lgthread-2.0 -lglib-2.0   -L/usr/local/lib -lgtk-x11-2.0 -lgdk-x11-2.0 -latk-1.0 -lgdk_pixbuf-2.0 -lm -lpangocairo-1.0 -lpango-1.0 -lcairo -lgobject-2.0 -lgmodule-2.0 -ldl -lglib-2.0    -L/usr/local/lib -lgdk-x11-2.0 -lgdk_pixbuf-2.0 -lm -lpangocairo-1.0 -lpango-1.0 -lcairo -lgobject-2.0 -lgmodule-2.0 -ldl -lglib-2.0   conftest.c  >&5
configure:2399: $? = 0
configure:2424: result: 
configure:2430: checking for suffix of object files
configure:2451: gcc -c -O0 -g3  -DORBIT2=1 -pthread -I/usr/local/include/gtk-2.0 -I/usr/local/lib/gtk-2.0/include -I/usr/include/libgnomeui-2.0 -I/usr/include/libgnome-2.0 -I/usr/include/libgnomecanvas-2.0 -I/usr/include/libart-2.0 -I/usr/include/gconf/2 -I/usr/include/libbonoboui-2.0 -I/usr/include/gnome-vfs-2.0 -I/usr/lib/gnome-vfs-2.0/include -I/usr/include/gnome-keyring-1 -I/usr/include/glib-2.0 -I/usr/lib/glib-2.0/include -I/usr/include/orbit-2.0 -I/usr/include/libbonobo-2.0 -I/usr/include/bonobo-activation-2.0 -I/usr/include/pango-1.0 -I/usr/include/freetype2 -I/usr/include/atk-1.0 -I/usr/include/cairo -I/usr/include/libxml2   -I/usr/local/include/gtk-2.0 -I/usr/local/lib/gtk-2.0/include -I/usr/include/atk-1.0 -I/usr/include/cairo -I/usr/include/pango-1.0 -I/usr/include/glib-2.0 -I/usr/lib/glib-2.0/include    -I/usr/local/include/gtk-2.0 -I/usr/local/lib/gtk-2.0/include -I/usr/include/pango-1.0 -I/usr/include/cairo -I/usr/include/glib-2.0 -I/usr/lib/glib-2.0/include   conftest.c >&5
configure:2454: $? = 0
configure:2476: result: o
configure:2480: checking whether we are using the GNU C compiler
configure:2504: gcc -c -O0 -g3  -DORBIT2=1 -pthread -I/usr/local/include/gtk-2.0 -I/usr/local/lib/gtk-2.0/include -I/usr/include/libgnomeui-2.0 -I/usr/include/libgnome-2.0 -I/usr/include/libgnomecanvas-2.0 -I/usr/include/libart-2.0 -I/usr/include/gconf/2 -I/usr/include/libbonoboui-2.0 -I/usr/include/gnome-vfs-2.0 -I/usr/lib/gnome-vfs-2.0/include -I/usr/include/gnome-keyring-1 -I/usr/include/glib-2.0 -I/usr/lib/glib-2.0/include -I/usr/include/orbit-2.0 -I/usr/include/libbonobo-2.0 -I/usr/include/bonobo-activation-2.0 -I/usr/include/pango-1.0 -I/usr/include/freetype2 -I/usr/include/atk-1.0 -I/usr/include/cairo -I/usr/include/libxml2   -I/usr/local/include/gtk-2.0 -I/usr/local/lib/gtk-2.0/include -I/usr/include/atk-1.0 -I/usr/include/cairo -I/usr/include/pango-1.0 -I/usr/include/glib-2.0 -I/usr/lib/glib-2.0/include    -I/usr/local/include/gtk-2.0 -I/usr/local/lib/gtk-2.0/include -I/usr/include/pango-1.0 -I/usr/include/cairo -I/usr/include/glib-2.0 -I/usr/lib/glib-2.0/include   conftest.c >&5
configure:2510: $? = 0
configure:2513: test -z 			 || test ! -s conftest.err
configure:2516: $? = 0
configure:2519: test -s conftest.o
configure:2522: $? = 0
configure:2535: result: yes
configure:2541: checking whether gcc accepts -g
configure:2562: gcc -c -g -DORBIT2=1 -pthread -I/usr/local/include/gtk-2.0 -I/usr/local/lib/gtk-2.0/include -I/usr/include/libgnomeui-2.0 -I/usr/include/libgnome-2.0 -I/usr/include/libgnomecanvas-2.0 -I/usr/include/libart-2.0 -I/usr/include/gconf/2 -I/usr/include/libbonoboui-2.0 -I/usr/include/gnome-vfs-2.0 -I/usr/lib/gnome-vfs-2.0/include -I/usr/include/gnome-keyring-1 -I/usr/include/glib-2.0 -I/usr/lib/glib-2.0/include -I/usr/include/orbit-2.0 -I/usr/include/libbonobo-2.0 -I/usr/include/bonobo-activation-2.0 -I/usr/include/pango-1.0 -I/usr/include/freetype2 -I/usr/include/atk-1.0 -I/usr/include/cairo -I/usr/include/libxml2   -I/usr/local/include/gtk-2.0 -I/usr/local/lib/gtk-2.0/include -I/usr/include/atk-1.0 -I/usr/include/cairo -I/usr/include/pango-1.0 -I/usr/include/glib-2.0 -I/usr/lib/glib-2.0/include    -I/usr/local/include/gtk-2.0 -I/usr/local/lib/gtk-2.0/include -I/usr/include/pango-1.0 -I/usr/include/cairo -I/usr/include/glib-2.0 -I/usr/lib/glib-2.0/include   conftest.c >&5
configure:2568: $? = 0
configure:2571: test -z 			 || test ! -s conftest.err
configure:2574: $? = 0
configure:2577: test -s conftest.o
configure:2580: $? = 0
configure:2591: result: yes
configure:2608: checking for gcc option to accept ANSI C
configure:2678: gcc  -c -O0 -g3  -DORBIT2=1 -pthread -I/usr/local/include/gtk-2.0 -I/usr/local/lib/gtk-2.0/include -I/usr/include/libgnomeui-2.0 -I/usr/include/libgnome-2.0 -I/usr/include/libgnomecanvas-2.0 -I/usr/include/libart-2.0 -I/usr/include/gconf/2 -I/usr/include/libbonoboui-2.0 -I/usr/include/gnome-vfs-2.0 -I/usr/lib/gnome-vfs-2.0/include -I/usr/include/gnome-keyring-1 -I/usr/include/glib-2.0 -I/usr/lib/glib-2.0/include -I/usr/include/orbit-2.0 -I/usr/include/libbonobo-2.0 -I/usr/include/bonobo-activation-2.0 -I/usr/include/pango-1.0 -I/usr/include/freetype2 -I/usr/include/atk-1.0 -I/usr/include/cairo -I/usr/include/libxml2   -I/usr/local/include/gtk-2.0 -I/usr/local/lib/gtk-2.0/include -I/usr/include/atk-1.0 -I/usr/include/cairo -I/usr/include/pango-1.0 -I/usr/include/glib-2.0 -I/usr/lib/glib-2.0/include    -I/usr/local/include/gtk-2.0 -I/usr/local/lib/gtk-2.0/include -I/usr/include/pango-1.0 -I/usr/include/cairo -I/usr/include/glib-2.0 -I/usr/lib/glib-2.0/include   conftest.c >&5
configure:2684: $? = 0
configure:2687: test -z 			 || test ! -s conftest.err
configure:2690: $? = 0
configure:2693: test -s conftest.o
configure:2696: $? = 0
configure:2714: result: none needed
configure:2732: gcc -c -O0 -g3  -DORBIT2=1 -pthread -I/usr/local/include/gtk-2.0 -I/usr/local/lib/gtk-2.0/include -I/usr/include/libgnomeui-2.0 -I/usr/include/libgnome-2.0 -I/usr/include/libgnomecanvas-2.0 -I/usr/include/libart-2.0 -I/usr/include/gconf/2 -I/usr/include/libbonoboui-2.0 -I/usr/include/gnome-vfs-2.0 -I/usr/lib/gnome-vfs-2.0/include -I/usr/include/gnome-keyring-1 -I/usr/include/glib-2.0 -I/usr/lib/glib-2.0/include -I/usr/include/orbit-2.0 -I/usr/include/libbonobo-2.0 -I/usr/include/bonobo-activation-2.0 -I/usr/include/pango-1.0 -I/usr/include/freetype2 -I/usr/include/atk-1.0 -I/usr/include/cairo -I/usr/include/libxml2   -I/usr/local/include/gtk-2.0 -I/usr/local/lib/gtk-2.0/include -I/usr/include/atk-1.0 -I/usr/include/cairo -I/usr/include/pango-1.0 -I/usr/include/glib-2.0 -I/usr/lib/glib-2.0/include    -I/usr/local/include/gtk-2.0 -I/usr/local/lib/gtk-2.0/include -I/usr/include/pango-1.0 -I/usr/include/cairo -I/usr/include/glib-2.0 -I/usr/lib/glib-2.0/include   conftest.c >&5
conftest.c:2: error: syntax error before 'me'
configure:2738: $? = 1
configure: failed program was:
| #ifndef __cplusplus
|   choke me
| #endif
configure:2879: checking for style of include used by make
configure:2907: result: GNU
configure:2935: checking dependency style of gcc
configure:3025: result: gcc3
configure:3120: checking build system type
configure:3138: result: i686-pc-linux-gnu
configure:3146: checking host system type
configure:3160: result: i686-pc-linux-gnu
configure:3168: checking for a sed that does not truncate output
configure:3222: result: /bin/sed
configure:3225: checking for egrep
configure:3235: result: grep -E
configure:3251: checking for ld used by gcc
configure:3318: result: /usr/bin/ld
configure:3327: checking if the linker (/usr/bin/ld) is GNU ld
configure:3342: result: yes
configure:3347: checking for /usr/bin/ld option to reload object files
configure:3354: result: -r
configure:3363: checking for BSD-compatible nm
configure:3405: result: /usr/bin/nm -B
configure:3409: checking whether ln -s works
configure:3413: result: yes
configure:3420: checking how to recognise dependent libraries
configure:3594: result: pass_all
configure:3807: checking how to run the C preprocessor
configure:3842: gcc -E -DORBIT2=1 -pthread -I/usr/local/include/gtk-2.0 -I/usr/local/lib/gtk-2.0/include -I/usr/include/libgnomeui-2.0 -I/usr/include/libgnome-2.0 -I/usr/include/libgnomecanvas-2.0 -I/usr/include/libart-2.0 -I/usr/include/gconf/2 -I/usr/include/libbonoboui-2.0 -I/usr/include/gnome-vfs-2.0 -I/usr/lib/gnome-vfs-2.0/include -I/usr/include/gnome-keyring-1 -I/usr/include/glib-2.0 -I/usr/lib/glib-2.0/include -I/usr/include/orbit-2.0 -I/usr/include/libbonobo-2.0 -I/usr/include/bonobo-activation-2.0 -I/usr/include/pango-1.0 -I/usr/include/freetype2 -I/usr/include/atk-1.0 -I/usr/include/cairo -I/usr/include/libxml2   -I/usr/local/include/gtk-2.0 -I/usr/local/lib/gtk-2.0/include -I/usr/include/atk-1.0 -I/usr/include/cairo -I/usr/include/pango-1.0 -I/usr/include/glib-2.0 -I/usr/lib/glib-2.0/include    -I/usr/local/include/gtk-2.0 -I/usr/local/lib/gtk-2.0/include -I/usr/include/pango-1.0 -I/usr/include/cairo -I/usr/include/glib-2.0 -I/usr/lib/glib-2.0/include   conftest.c
configure:3848: $? = 0
configure:3880: gcc -E -DORBIT2=1 -pthread -I/usr/local/include/gtk-2.0 -I/usr/local/lib/gtk-2.0/include -I/usr/include/libgnomeui-2.0 -I/usr/include/libgnome-2.0 -I/usr/include/libgnomecanvas-2.0 -I/usr/include/libart-2.0 -I/usr/include/gconf/2 -I/usr/include/libbonoboui-2.0 -I/usr/include/gnome-vfs-2.0 -I/usr/lib/gnome-vfs-2.0/include -I/usr/include/gnome-keyring-1 -I/usr/include/glib-2.0 -I/usr/lib/glib-2.0/include -I/usr/include/orbit-2.0 -I/usr/include/libbonobo-2.0 -I/usr/include/bonobo-activation-2.0 -I/usr/include/pango-1.0 -I/usr/include/freetype2 -I/usr/include/atk-1.0 -I/usr/include/cairo -I/usr/include/libxml2   -I/usr/local/include/gtk-2.0 -I/usr/local/lib/gtk-2.0/include -I/usr/include/atk-1.0 -I/usr/include/cairo -I/usr/include/pango-1.0 -I/usr/include/glib-2.0 -I/usr/lib/glib-2.0/include    -I/usr/local/include/gtk-2.0 -I/usr/local/lib/gtk-2.0/include -I/usr/include/pango-1.0 -I/usr/include/cairo -I/usr/include/glib-2.0 -I/usr/lib/glib-2.0/include   conftest.c
conftest.c:11:28: error: ac_nonexistent.h: No such file or directory
configure:3886: $? = 1
configure: failed program was:
| /* confdefs.h.  */
| 
| #define PACKAGE_NAME ""
| #define PACKAGE_TARNAME ""
| #define PACKAGE_VERSION ""
| #define PACKAGE_STRING ""
| #define PACKAGE_BUGREPORT ""
| #define PACKAGE "gmp"
| #define VERSION "0.1"
| /* end confdefs.h.  */
| #include <ac_nonexistent.h>
configure:3925: result: gcc -E
configure:3949: gcc -E -DORBIT2=1 -pthread -I/usr/local/include/gtk-2.0 -I/usr/local/lib/gtk-2.0/include -I/usr/include/libgnomeui-2.0 -I/usr/include/libgnome-2.0 -I/usr/include/libgnomecanvas-2.0 -I/usr/include/libart-2.0 -I/usr/include/gconf/2 -I/usr/include/libbonoboui-2.0 -I/usr/include/gnome-vfs-2.0 -I/usr/lib/gnome-vfs-2.0/include -I/usr/include/gnome-keyring-1 -I/usr/include/glib-2.0 -I/usr/lib/glib-2.0/include -I/usr/include/orbit-2.0 -I/usr/include/libbonobo-2.0 -I/usr/include/bonobo-activation-2.0 -I/usr/include/pango-1.0 -I/usr/include/freetype2 -I/usr/include/atk-1.0 -I/usr/include/cairo -I/usr/include/libxml2   -I/usr/local/include/gtk-2.0 -I/usr/local/lib/gtk-2.0/include -I/usr/include/atk-1.0 -I/usr/include/cairo -I/usr/include/pango-1.0 -I/usr/include/glib-2.0 -I/usr/lib/glib-2.0/include    -I/usr/local/include/gtk-2.0 -I/usr/local/lib/gtk-2.0/include -I/usr/include/pango-1.0 -I/usr/include/cairo -I/usr/include/glib-2.0 -I/usr/lib/glib-2.0/include   conftest.c
configure:3955: $? = 0
configure:3987: gcc -E -DORBIT2=1 -pthread -I/usr/local/include/gtk-2.0 -I/usr/local/lib/gtk-2.0/include -I/usr/include/libgnomeui-2.0 -I/usr/include/libgnome-2.0 -I/usr/include/libgnomecanvas-2.0 -I/usr/include/libart-2.0 -I/usr/include/gconf/2 -I/usr/include/libbonoboui-2.0 -I/usr/include/gnome-vfs-2.0 -I/usr/lib/gnome-vfs-2.0/include -I/usr/include/gnome-keyring-1 -I/usr/include/glib-2.0 -I/usr/lib/glib-2.0/include -I/usr/include/orbit-2.0 -I/usr/include/libbonobo-2.0 -I/usr/include/bonobo-activation-2.0 -I/usr/include/pango-1.0 -I/usr/include/freetype2 -I/usr/include/atk-1.0 -I/usr/include/cairo -I/usr/include/libxml2   -I/usr/local/include/gtk-2.0 -I/usr/local/lib/gtk-2.0/include -I/usr/include/atk-1.0 -I/usr/include/cairo -I/usr/include/pango-1.0 -I/usr/include/glib-2.0 -I/usr/lib/glib-2.0/include    -I/usr/local/include/gtk-2.0 -I/usr/local/lib/gtk-2.0/include -I/usr/include/pango-1.0 -I/usr/include/cairo -I/usr/include/glib-2.0 -I/usr/lib/glib-2.0/include   conftest.c
conftest.c:11:28: error: ac_nonexistent.h: No such file or directory
configure:3993: $? = 1
configure: failed program was:
| /* confdefs.h.  */
| 
| #define PACKAGE_NAME ""
| #define PACKAGE_TARNAME ""
| #define PACKAGE_VERSION ""
| #define PACKAGE_STRING ""
| #define PACKAGE_BUGREPORT ""
| #define PACKAGE "gmp"
| #define VERSION "0.1"
| /* end confdefs.h.  */
| #include <ac_nonexistent.h>
configure:4037: checking for ANSI C header files
configure:4062: gcc -c -O0 -g3  -DORBIT2=1 -pthread -I/usr/local/include/gtk-2.0 -I/usr/local/lib/gtk-2.0/include -I/usr/include/libgnomeui-2.0 -I/usr/include/libgnome-2.0 -I/usr/include/libgnomecanvas-2.0 -I/usr/include/libart-2.0 -I/usr/include/gconf/2 -I/usr/include/libbonoboui-2.0 -I/usr/include/gnome-vfs-2.0 -I/usr/lib/gnome-vfs-2.0/include -I/usr/include/gnome-keyring-1 -I/usr/include/glib-2.0 -I/usr/lib/glib-2.0/include -I/usr/include/orbit-2.0 -I/usr/include/libbonobo-2.0 -I/usr/include/bonobo-activation-2.0 -I/usr/include/pango-1.0 -I/usr/include/freetype2 -I/usr/include/atk-1.0 -I/usr/include/cairo -I/usr/include/libxml2   -I/usr/local/include/gtk-2.0 -I/usr/local/lib/gtk-2.0/include -I/usr/include/atk-1.0 -I/usr/include/cairo -I/usr/include/pango-1.0 -I/usr/include/glib-2.0 -I/usr/lib/glib-2.0/include    -I/usr/local/include/gtk-2.0 -I/usr/local/lib/gtk-2.0/include -I/usr/include/pango-1.0 -I/usr/include/cairo -I/usr/include/glib-2.0 -I/usr/lib/glib-2.0/include   conftest.c >&5
configure:4068: $? = 0
configure:4071: test -z 			 || test ! -s conftest.err
configure:4074: $? = 0
configure:4077: test -s conftest.o
configure:4080: $? = 0
configure:4169: gcc -o conftest -O0 -g3  -DORBIT2=1 -pthread -I/usr/local/include/gtk-2.0 -I/usr/local/lib/gtk-2.0/include -I/usr/include/libgnomeui-2.0 -I/usr/include/libgnome-2.0 -I/usr/include/libgnomecanvas-2.0 -I/usr/include/libart-2.0 -I/usr/include/gconf/2 -I/usr/include/libbonoboui-2.0 -I/usr/include/gnome-vfs-2.0 -I/usr/lib/gnome-vfs-2.0/include -I/usr/include/gnome-keyring-1 -I/usr/include/glib-2.0 -I/usr/lib/glib-2.0/include -I/usr/include/orbit-2.0 -I/usr/include/libbonobo-2.0 -I/usr/include/bonobo-activation-2.0 -I/usr/include/pango-1.0 -I/usr/include/freetype2 -I/usr/include/atk-1.0 -I/usr/include/cairo -I/usr/include/libxml2   -I/usr/local/include/gtk-2.0 -I/usr/local/lib/gtk-2.0/include -I/usr/include/atk-1.0 -I/usr/include/cairo -I/usr/include/pango-1.0 -I/usr/include/glib-2.0 -I/usr/lib/glib-2.0/include    -I/usr/local/include/gtk-2.0 -I/usr/local/lib/gtk-2.0/include -I/usr/include/pango-1.0 -I/usr/include/cairo -I/usr/include/glib-2.0 -I/usr/lib/glib-2.0/include   -Wl,--export-dynamic -pthread -L/usr/local/lib -lgnomeui-2 -lSM -lICE -lbonoboui-2 -lgnome-keyring -lxml2 -lz -lgnomecanvas-2 -lgnome-2 -lpopt -lart_lgpl_2 -lpangoft2-1.0 -lgtk-x11-2.0 -lgdk-x11-2.0 -latk-1.0 -lgdk_pixbuf-2.0 -lpangocairo-1.0 -lpango-1.0 -lcairo -lgnomevfs-2 -lbonobo-2 -lgconf-2 -lgobject-2.0 -lbonobo-activation -lORBit-2 -lm -lgmodule-2.0 -ldl -lgthread-2.0 -lglib-2.0   -L/usr/local/lib -lgtk-x11-2.0 -lgdk-x11-2.0 -latk-1.0 -lgdk_pixbuf-2.0 -lm -lpangocairo-1.0 -lpango-1.0 -lcairo -lgobject-2.0 -lgmodule-2.0 -ldl -lglib-2.0    -L/usr/local/lib -lgdk-x11-2.0 -lgdk_pixbuf-2.0 -lm -lpangocairo-1.0 -lpango-1.0 -lcairo -lgobject-2.0 -lgmodule-2.0 -ldl -lglib-2.0   conftest.c  >&5
conftest.c: In function 'main':
conftest.c:28: warning: incompatible implicit declaration of built-in function 'exit'
configure:4172: $? = 0
configure:4174: ./conftest
configure:4177: $? = 0
configure:4192: result: yes
configure:4216: checking for sys/types.h
configure:4232: gcc -c -O0 -g3  -DORBIT2=1 -pthread -I/usr/local/include/gtk-2.0 -I/usr/local/lib/gtk-2.0/include -I/usr/include/libgnomeui-2.0 -I/usr/include/libgnome-2.0 -I/usr/include/libgnomecanvas-2.0 -I/usr/include/libart-2.0 -I/usr/include/gconf/2 -I/usr/include/libbonoboui-2.0 -I/usr/include/gnome-vfs-2.0 -I/usr/lib/gnome-vfs-2.0/include -I/usr/include/gnome-keyring-1 -I/usr/include/glib-2.0 -I/usr/lib/glib-2.0/include -I/usr/include/orbit-2.0 -I/usr/include/libbonobo-2.0 -I/usr/include/bonobo-activation-2.0 -I/usr/include/pango-1.0 -I/usr/include/freetype2 -I/usr/include/atk-1.0 -I/usr/include/cairo -I/usr/include/libxml2   -I/usr/local/include/gtk-2.0 -I/usr/local/lib/gtk-2.0/include -I/usr/include/atk-1.0 -I/usr/include/cairo -I/usr/include/pango-1.0 -I/usr/include/glib-2.0 -I/usr/lib/glib-2.0/include    -I/usr/local/include/gtk-2.0 -I/usr/local/lib/gtk-2.0/include -I/usr/include/pango-1.0 -I/usr/include/cairo -I/usr/include/glib-2.0 -I/usr/lib/glib-2.0/include   conftest.c >&5
configure:4238: $? = 0
configure:4241: test -z 			 || test ! -s conftest.err
configure:4244: $? = 0
configure:4247: test -s conftest.o
configure:4250: $? = 0
configure:4261: result: yes
configure:4216: checking for sys/stat.h
configure:4232: gcc -c -O0 -g3  -DORBIT2=1 -pthread -I/usr/local/include/gtk-2.0 -I/usr/local/lib/gtk-2.0/include -I/usr/include/libgnomeui-2.0 -I/usr/include/libgnome-2.0 -I/usr/include/libgnomecanvas-2.0 -I/usr/include/libart-2.0 -I/usr/include/gconf/2 -I/usr/include/libbonoboui-2.0 -I/usr/include/gnome-vfs-2.0 -I/usr/lib/gnome-vfs-2.0/include -I/usr/include/gnome-keyring-1 -I/usr/include/glib-2.0 -I/usr/lib/glib-2.0/include -I/usr/include/orbit-2.0 -I/usr/include/libbonobo-2.0 -I/usr/include/bonobo-activation-2.0 -I/usr/include/pango-1.0 -I/usr/include/freetype2 -I/usr/include/atk-1.0 -I/usr/include/cairo -I/usr/include/libxml2   -I/usr/local/include/gtk-2.0 -I/usr/local/lib/gtk-2.0/include -I/usr/include/atk-1.0 -I/usr/include/cairo -I/usr/include/pango-1.0 -I/usr/include/glib-2.0 -I/usr/lib/glib-2.0/include    -I/usr/local/include/gtk-2.0 -I/usr/local/lib/gtk-2.0/include -I/usr/include/pango-1.0 -I/usr/include/cairo -I/usr/include/glib-2.0 -I/usr/lib/glib-2.0/include   conftest.c >&5
configure:4238: $? = 0
configure:4241: test -z 			 || test ! -s conftest.err
configure:4244: $? = 0
configure:4247: test -s conftest.o
configure:4250: $? = 0
configure:4261: result: yes
configure:4216: checking for stdlib.h
configure:4232: gcc -c -O0 -g3  -DORBIT2=1 -pthread -I/usr/local/include/gtk-2.0 -I/usr/local/lib/gtk-2.0/include -I/usr/include/libgnomeui-2.0 -I/usr/include/libgnome-2.0 -I/usr/include/libgnomecanvas-2.0 -I/usr/include/libart-2.0 -I/usr/include/gconf/2 -I/usr/include/libbonoboui-2.0 -I/usr/include/gnome-vfs-2.0 -I/usr/lib/gnome-vfs-2.0/include -I/usr/include/gnome-keyring-1 -I/usr/include/glib-2.0 -I/usr/lib/glib-2.0/include -I/usr/include/orbit-2.0 -I/usr/include/libbonobo-2.0 -I/usr/include/bonobo-activation-2.0 -I/usr/include/pango-1.0 -I/usr/include/freetype2 -I/usr/include/atk-1.0 -I/usr/include/cairo -I/usr/include/libxml2   -I/usr/local/include/gtk-2.0 -I/usr/local/lib/gtk-2.0/include -I/usr/include/atk-1.0 -I/usr/include/cairo -I/usr/include/pango-1.0 -I/usr/include/glib-2.0 -I/usr/lib/glib-2.0/include    -I/usr/local/include/gtk-2.0 -I/usr/local/lib/gtk-2.0/include -I/usr/include/pango-1.0 -I/usr/include/cairo -I/usr/include/glib-2.0 -I/usr/lib/glib-2.0/include   conftest.c >&5
configure:4238: $? = 0
configure:4241: test -z 			 || test ! -s conftest.err
configure:4244: $? = 0
configure:4247: test -s conftest.o
configure:4250: $? = 0
configure:4261: result: yes
configure:4216: checking for string.h
configure:4232: gcc -c -O0 -g3  -DORBIT2=1 -pthread -I/usr/local/include/gtk-2.0 -I/usr/local/lib/gtk-2.0/include -I/usr/include/libgnomeui-2.0 -I/usr/include/libgnome-2.0 -I/usr/include/libgnomecanvas-2.0 -I/usr/include/libart-2.0 -I/usr/include/gconf/2 -I/usr/include/libbonoboui-2.0 -I/usr/include/gnome-vfs-2.0 -I/usr/lib/gnome-vfs-2.0/include -I/usr/include/gnome-keyring-1 -I/usr/include/glib-2.0 -I/usr/lib/glib-2.0/include -I/usr/include/orbit-2.0 -I/usr/include/libbonobo-2.0 -I/usr/include/bonobo-activation-2.0 -I/usr/include/pango-1.0 -I/usr/include/freetype2 -I/usr/include/atk-1.0 -I/usr/include/cairo -I/usr/include/libxml2   -I/usr/local/include/gtk-2.0 -I/usr/local/lib/gtk-2.0/include -I/usr/include/atk-1.0 -I/usr/include/cairo -I/usr/include/pango-1.0 -I/usr/include/glib-2.0 -I/usr/lib/glib-2.0/include    -I/usr/local/include/gtk-2.0 -I/usr/local/lib/gtk-2.0/include -I/usr/include/pango-1.0 -I/usr/include/cairo -I/usr/include/glib-2.0 -I/usr/lib/glib-2.0/include   conftest.c >&5
configure:4238: $? = 0
configure:4241: test -z 			 || test ! -s conftest.err
configure:4244: $? = 0
configure:4247: test -s conftest.o
configure:4250: $? = 0
configure:4261: result: yes
configure:4216: checking for memory.h
configure:4232: gcc -c -O0 -g3  -DORBIT2=1 -pthread -I/usr/local/include/gtk-2.0 -I/usr/local/lib/gtk-2.0/include -I/usr/include/libgnomeui-2.0 -I/usr/include/libgnome-2.0 -I/usr/include/libgnomecanvas-2.0 -I/usr/include/libart-2.0 -I/usr/include/gconf/2 -I/usr/include/libbonoboui-2.0 -I/usr/include/gnome-vfs-2.0 -I/usr/lib/gnome-vfs-2.0/include -I/usr/include/gnome-keyring-1 -I/usr/include/glib-2.0 -I/usr/lib/glib-2.0/include -I/usr/include/orbit-2.0 -I/usr/include/libbonobo-2.0 -I/usr/include/bonobo-activation-2.0 -I/usr/include/pango-1.0 -I/usr/include/freetype2 -I/usr/include/atk-1.0 -I/usr/include/cairo -I/usr/include/libxml2   -I/usr/local/include/gtk-2.0 -I/usr/local/lib/gtk-2.0/include -I/usr/include/atk-1.0 -I/usr/include/cairo -I/usr/include/pango-1.0 -I/usr/include/glib-2.0 -I/usr/lib/glib-2.0/include    -I/usr/local/include/gtk-2.0 -I/usr/local/lib/gtk-2.0/include -I/usr/include/pango-1.0 -I/usr/include/cairo -I/usr/include/glib-2.0 -I/usr/lib/glib-2.0/include   conftest.c >&5
configure:4238: $? = 0
configure:4241: test -z 			 || test ! -s conftest.err
configure:4244: $? = 0
configure:4247: test -s conftest.o
configure:4250: $? = 0
configure:4261: result: yes
configure:4216: checking for strings.h
configure:4232: gcc -c -O0 -g3  -DORBIT2=1 -pthread -I/usr/local/include/gtk-2.0 -I/usr/local/lib/gtk-2.0/include -I/usr/include/libgnomeui-2.0 -I/usr/include/libgnome-2.0 -I/usr/include/libgnomecanvas-2.0 -I/usr/include/libart-2.0 -I/usr/include/gconf/2 -I/usr/include/libbonoboui-2.0 -I/usr/include/gnome-vfs-2.0 -I/usr/lib/gnome-vfs-2.0/include -I/usr/include/gnome-keyring-1 -I/usr/include/glib-2.0 -I/usr/lib/glib-2.0/include -I/usr/include/orbit-2.0 -I/usr/include/libbonobo-2.0 -I/usr/include/bonobo-activation-2.0 -I/usr/include/pango-1.0 -I/usr/include/freetype2 -I/usr/include/atk-1.0 -I/usr/include/cairo -I/usr/include/libxml2   -I/usr/local/include/gtk-2.0 -I/usr/local/lib/gtk-2.0/include -I/usr/include/atk-1.0 -I/usr/include/cairo -I/usr/include/pango-1.0 -I/usr/include/glib-2.0 -I/usr/lib/glib-2.0/include    -I/usr/local/include/gtk-2.0 -I/usr/local/lib/gtk-2.0/include -I/usr/include/pango-1.0 -I/usr/include/cairo -I/usr/include/glib-2.0 -I/usr/lib/glib-2.0/include   conftest.c >&5
configure:4238: $? = 0
configure:4241: test -z 			 || test ! -s conftest.err
configure:4244: $? = 0
configure:4247: test -s conftest.o
configure:4250: $? = 0
configure:4261: result: yes
configure:4216: checking for inttypes.h
configure:4232: gcc -c -O0 -g3  -DORBIT2=1 -pthread -I/usr/local/include/gtk-2.0 -I/usr/local/lib/gtk-2.0/include -I/usr/include/libgnomeui-2.0 -I/usr/include/libgnome-2.0 -I/usr/include/libgnomecanvas-2.0 -I/usr/include/libart-2.0 -I/usr/include/gconf/2 -I/usr/include/libbonoboui-2.0 -I/usr/include/gnome-vfs-2.0 -I/usr/lib/gnome-vfs-2.0/include -I/usr/include/gnome-keyring-1 -I/usr/include/glib-2.0 -I/usr/lib/glib-2.0/include -I/usr/include/orbit-2.0 -I/usr/include/libbonobo-2.0 -I/usr/include/bonobo-activation-2.0 -I/usr/include/pango-1.0 -I/usr/include/freetype2 -I/usr/include/atk-1.0 -I/usr/include/cairo -I/usr/include/libxml2   -I/usr/local/include/gtk-2.0 -I/usr/local/lib/gtk-2.0/include -I/usr/include/atk-1.0 -I/usr/include/cairo -I/usr/include/pango-1.0 -I/usr/include/glib-2.0 -I/usr/lib/glib-2.0/include    -I/usr/local/include/gtk-2.0 -I/usr/local/lib/gtk-2.0/include -I/usr/include/pango-1.0 -I/usr/include/cairo -I/usr/include/glib-2.0 -I/usr/lib/glib-2.0/include   conftest.c >&5
configure:4238: $? = 0
configure:4241: test -z 			 || test ! -s conftest.err
configure:4244: $? = 0
configure:4247: test -s conftest.o
configure:4250: $? = 0
configure:4261: result: yes
configure:4216: checking for stdint.h
configure:4232: gcc -c -O0 -g3  -DORBIT2=1 -pthread -I/usr/local/include/gtk-2.0 -I/usr/local/lib/gtk-2.0/include -I/usr/include/libgnomeui-2.0 -I/usr/include/libgnome-2.0 -I/usr/include/libgnomecanvas-2.0 -I/usr/include/libart-2.0 -I/usr/include/gconf/2 -I/usr/include/libbonoboui-2.0 -I/usr/include/gnome-vfs-2.0 -I/usr/lib/gnome-vfs-2.0/include -I/usr/include/gnome-keyring-1 -I/usr/include/glib-2.0 -I/usr/lib/glib-2.0/include -I/usr/include/orbit-2.0 -I/usr/include/libbonobo-2.0 -I/usr/include/bonobo-activation-2.0 -I/usr/include/pango-1.0 -I/usr/include/freetype2 -I/usr/include/atk-1.0 -I/usr/include/cairo -I/usr/include/libxml2   -I/usr/local/include/gtk-2.0 -I/usr/local/lib/gtk-2.0/include -I/usr/include/atk-1.0 -I/usr/include/cairo -I/usr/include/pango-1.0 -I/usr/include/glib-2.0 -I/usr/lib/glib-2.0/include    -I/usr/local/include/gtk-2.0 -I/usr/local/lib/gtk-2.0/include -I/usr/include/pango-1.0 -I/usr/include/cairo -I/usr/include/glib-2.0 -I/usr/lib/glib-2.0/include   conftest.c >&5
configure:4238: $? = 0
configure:4241: test -z 			 || test ! -s conftest.err
configure:4244: $? = 0
configure:4247: test -s conftest.o
configure:4250: $? = 0
configure:4261: result: yes
configure:4216: checking for unistd.h
configure:4232: gcc -c -O0 -g3  -DORBIT2=1 -pthread -I/usr/local/include/gtk-2.0 -I/usr/local/lib/gtk-2.0/include -I/usr/include/libgnomeui-2.0 -I/usr/include/libgnome-2.0 -I/usr/include/libgnomecanvas-2.0 -I/usr/include/libart-2.0 -I/usr/include/gconf/2 -I/usr/include/libbonoboui-2.0 -I/usr/include/gnome-vfs-2.0 -I/usr/lib/gnome-vfs-2.0/include -I/usr/include/gnome-keyring-1 -I/usr/include/glib-2.0 -I/usr/lib/glib-2.0/include -I/usr/include/orbit-2.0 -I/usr/include/libbonobo-2.0 -I/usr/include/bonobo-activation-2.0 -I/usr/include/pango-1.0 -I/usr/include/freetype2 -I/usr/include/atk-1.0 -I/usr/include/cairo -I/usr/include/libxml2   -I/usr/local/include/gtk-2.0 -I/usr/local/lib/gtk-2.0/include -I/usr/include/atk-1.0 -I/usr/include/cairo -I/usr/include/pango-1.0 -I/usr/include/glib-2.0 -I/usr/lib/glib-2.0/include    -I/usr/local/include/gtk-2.0 -I/usr/local/lib/gtk-2.0/include -I/usr/include/pango-1.0 -I/usr/include/cairo -I/usr/include/glib-2.0 -I/usr/lib/glib-2.0/include   conftest.c >&5
configure:4238: $? = 0
configure:4241: test -z 			 || test ! -s conftest.err
configure:4244: $? = 0
configure:4247: test -s conftest.o
configure:4250: $? = 0
configure:4261: result: yes
configure:4287: checking dlfcn.h usability
configure:4299: gcc -c -O0 -g3  -DORBIT2=1 -pthread -I/usr/local/include/gtk-2.0 -I/usr/local/lib/gtk-2.0/include -I/usr/include/libgnomeui-2.0 -I/usr/include/libgnome-2.0 -I/usr/include/libgnomecanvas-2.0 -I/usr/include/libart-2.0 -I/usr/include/gconf/2 -I/usr/include/libbonoboui-2.0 -I/usr/include/gnome-vfs-2.0 -I/usr/lib/gnome-vfs-2.0/include -I/usr/include/gnome-keyring-1 -I/usr/include/glib-2.0 -I/usr/lib/glib-2.0/include -I/usr/include/orbit-2.0 -I/usr/include/libbonobo-2.0 -I/usr/include/bonobo-activation-2.0 -I/usr/include/pango-1.0 -I/usr/include/freetype2 -I/usr/include/atk-1.0 -I/usr/include/cairo -I/usr/include/libxml2   -I/usr/local/include/gtk-2.0 -I/usr/local/lib/gtk-2.0/include -I/usr/include/atk-1.0 -I/usr/include/cairo -I/usr/include/pango-1.0 -I/usr/include/glib-2.0 -I/usr/lib/glib-2.0/include    -I/usr/local/include/gtk-2.0 -I/usr/local/lib/gtk-2.0/include -I/usr/include/pango-1.0 -I/usr/include/cairo -I/usr/include/glib-2.0 -I/usr/lib/glib-2.0/include   conftest.c >&5
configure:4305: $? = 0
configure:4308: test -z 			 || test ! -s conftest.err
configure:4311: $? = 0
configure:4314: test -s conftest.o
configure:4317: $? = 0
configure:4327: result: yes
configure:4331: checking dlfcn.h presence
configure:4341: gcc -E -DORBIT2=1 -pthread -I/usr/local/include/gtk-2.0 -I/usr/local/lib/gtk-2.0/include -I/usr/include/libgnomeui-2.0 -I/usr/include/libgnome-2.0 -I/usr/include/libgnomecanvas-2.0 -I/usr/include/libart-2.0 -I/usr/include/gconf/2 -I/usr/include/libbonoboui-2.0 -I/usr/include/gnome-vfs-2.0 -I/usr/lib/gnome-vfs-2.0/include -I/usr/include/gnome-keyring-1 -I/usr/include/glib-2.0 -I/usr/lib/glib-2.0/include -I/usr/include/orbit-2.0 -I/usr/include/libbonobo-2.0 -I/usr/include/bonobo-activation-2.0 -I/usr/include/pango-1.0 -I/usr/include/freetype2 -I/usr/include/atk-1.0 -I/usr/include/cairo -I/usr/include/libxml2   -I/usr/local/include/gtk-2.0 -I/usr/local/lib/gtk-2.0/include -I/usr/include/atk-1.0 -I/usr/include/cairo -I/usr/include/pango-1.0 -I/usr/include/glib-2.0 -I/usr/lib/glib-2.0/include    -I/usr/local/include/gtk-2.0 -I/usr/local/lib/gtk-2.0/include -I/usr/include/pango-1.0 -I/usr/include/cairo -I/usr/include/glib-2.0 -I/usr/lib/glib-2.0/include   conftest.c
configure:4347: $? = 0
configure:4367: result: yes
configure:4402: checking for dlfcn.h
configure:4409: result: yes
configure:4474: checking for g++
configure:4490: found /usr/bin/g++
configure:4500: result: g++
configure:4516: checking for C++ compiler version
configure:4519: g++ --version </dev/null >&5
g++ (GCC) 4.0.2 20050808 (prerelease) (Ubuntu 4.0.1-4ubuntu9)
Copyright (C) 2005 Free Software Foundation, Inc.
This is free software; see the source for copying conditions.  There is NO
warranty; not even for MERCHANTABILITY or FITNESS FOR A PARTICULAR PURPOSE.

configure:4522: $? = 0
configure:4524: g++ -v </dev/null >&5
Using built-in specs.
Target: i486-linux-gnu
Configured with: ../src/configure -v --enable-languages=c,c++,java,f95,objc,ada,treelang --prefix=/usr --with-gxx-include-dir=/usr/include/c++/4.0.2 --enable-shared --with-system-zlib --libexecdir=/usr/lib --enable-nls --without-included-gettext --enable-threads=posix --program-suffix=-4.0 --enable-__cxa_atexit --enable-libstdcxx-allocator=mt --enable-clocale=gnu --enable-libstdcxx-debug --enable-java-gc=boehm --enable-java-awt=gtk --enable-gtk-cairo --with-java-home=/usr/lib/jvm/java-1.4.2-gcj-4.0-1.4.2.0/jre --enable-mpfr --disable-werror --enable-checking=release i486-linux-gnu
Thread model: posix
gcc version 4.0.2 20050808 (prerelease) (Ubuntu 4.0.1-4ubuntu9)
configure:4527: $? = 0
configure:4529: g++ -V </dev/null >&5
g++: '-V' option must have argument
configure:4532: $? = 1
configure:4535: checking whether we are using the GNU C++ compiler
configure:4559: g++ -c  -DORBIT2=1 -pthread -I/usr/local/include/gtk-2.0 -I/usr/local/lib/gtk-2.0/include -I/usr/include/libgnomeui-2.0 -I/usr/include/libgnome-2.0 -I/usr/include/libgnomecanvas-2.0 -I/usr/include/libart-2.0 -I/usr/include/gconf/2 -I/usr/include/libbonoboui-2.0 -I/usr/include/gnome-vfs-2.0 -I/usr/lib/gnome-vfs-2.0/include -I/usr/include/gnome-keyring-1 -I/usr/include/glib-2.0 -I/usr/lib/glib-2.0/include -I/usr/include/orbit-2.0 -I/usr/include/libbonobo-2.0 -I/usr/include/bonobo-activation-2.0 -I/usr/include/pango-1.0 -I/usr/include/freetype2 -I/usr/include/atk-1.0 -I/usr/include/cairo -I/usr/include/libxml2   -I/usr/local/include/gtk-2.0 -I/usr/local/lib/gtk-2.0/include -I/usr/include/atk-1.0 -I/usr/include/cairo -I/usr/include/pango-1.0 -I/usr/include/glib-2.0 -I/usr/lib/glib-2.0/include    -I/usr/local/include/gtk-2.0 -I/usr/local/lib/gtk-2.0/include -I/usr/include/pango-1.0 -I/usr/include/cairo -I/usr/include/glib-2.0 -I/usr/lib/glib-2.0/include   conftest.cc >&5
configure:4565: $? = 0
configure:4568: test -z 			 || test ! -s conftest.err
configure:4571: $? = 0
configure:4574: test -s conftest.o
configure:4577: $? = 0
configure:4590: result: yes
configure:4596: checking whether g++ accepts -g
configure:4617: g++ -c -g -DORBIT2=1 -pthread -I/usr/local/include/gtk-2.0 -I/usr/local/lib/gtk-2.0/include -I/usr/include/libgnomeui-2.0 -I/usr/include/libgnome-2.0 -I/usr/include/libgnomecanvas-2.0 -I/usr/include/libart-2.0 -I/usr/include/gconf/2 -I/usr/include/libbonoboui-2.0 -I/usr/include/gnome-vfs-2.0 -I/usr/lib/gnome-vfs-2.0/include -I/usr/include/gnome-keyring-1 -I/usr/include/glib-2.0 -I/usr/lib/glib-2.0/include -I/usr/include/orbit-2.0 -I/usr/include/libbonobo-2.0 -I/usr/include/bonobo-activation-2.0 -I/usr/include/pango-1.0 -I/usr/include/freetype2 -I/usr/include/atk-1.0 -I/usr/include/cairo -I/usr/include/libxml2   -I/usr/local/include/gtk-2.0 -I/usr/local/lib/gtk-2.0/include -I/usr/include/atk-1.0 -I/usr/include/cairo -I/usr/include/pango-1.0 -I/usr/include/glib-2.0 -I/usr/lib/glib-2.0/include    -I/usr/local/include/gtk-2.0 -I/usr/local/lib/gtk-2.0/include -I/usr/include/pango-1.0 -I/usr/include/cairo -I/usr/include/glib-2.0 -I/usr/lib/glib-2.0/include   conftest.cc >&5
configure:4623: $? = 0
configure:4626: test -z 			 || test ! -s conftest.err
configure:4629: $? = 0
configure:4632: test -s conftest.o
configure:4635: $? = 0
configure:4646: result: yes
configure:4688: g++ -c -g -O2 -DORBIT2=1 -pthread -I/usr/local/include/gtk-2.0 -I/usr/local/lib/gtk-2.0/include -I/usr/include/libgnomeui-2.0 -I/usr/include/libgnome-2.0 -I/usr/include/libgnomecanvas-2.0 -I/usr/include/libart-2.0 -I/usr/include/gconf/2 -I/usr/include/libbonoboui-2.0 -I/usr/include/gnome-vfs-2.0 -I/usr/lib/gnome-vfs-2.0/include -I/usr/include/gnome-keyring-1 -I/usr/include/glib-2.0 -I/usr/lib/glib-2.0/include -I/usr/include/orbit-2.0 -I/usr/include/libbonobo-2.0 -I/usr/include/bonobo-activation-2.0 -I/usr/include/pango-1.0 -I/usr/include/freetype2 -I/usr/include/atk-1.0 -I/usr/include/cairo -I/usr/include/libxml2   -I/usr/local/include/gtk-2.0 -I/usr/local/lib/gtk-2.0/include -I/usr/include/atk-1.0 -I/usr/include/cairo -I/usr/include/pango-1.0 -I/usr/include/glib-2.0 -I/usr/lib/glib-2.0/include    -I/usr/local/include/gtk-2.0 -I/usr/local/lib/gtk-2.0/include -I/usr/include/pango-1.0 -I/usr/include/cairo -I/usr/include/glib-2.0 -I/usr/lib/glib-2.0/include   conftest.cc >&5
configure:4694: $? = 0
configure:4697: test -z 			 || test ! -s conftest.err
configure:4700: $? = 0
configure:4703: test -s conftest.o
configure:4706: $? = 0
configure:4732: g++ -c -g -O2 -DORBIT2=1 -pthread -I/usr/local/include/gtk-2.0 -I/usr/local/lib/gtk-2.0/include -I/usr/include/libgnomeui-2.0 -I/usr/include/libgnome-2.0 -I/usr/include/libgnomecanvas-2.0 -I/usr/include/libart-2.0 -I/usr/include/gconf/2 -I/usr/include/libbonoboui-2.0 -I/usr/include/gnome-vfs-2.0 -I/usr/lib/gnome-vfs-2.0/include -I/usr/include/gnome-keyring-1 -I/usr/include/glib-2.0 -I/usr/lib/glib-2.0/include -I/usr/include/orbit-2.0 -I/usr/include/libbonobo-2.0 -I/usr/include/bonobo-activation-2.0 -I/usr/include/pango-1.0 -I/usr/include/freetype2 -I/usr/include/atk-1.0 -I/usr/include/cairo -I/usr/include/libxml2   -I/usr/local/include/gtk-2.0 -I/usr/local/lib/gtk-2.0/include -I/usr/include/atk-1.0 -I/usr/include/cairo -I/usr/include/pango-1.0 -I/usr/include/glib-2.0 -I/usr/lib/glib-2.0/include    -I/usr/local/include/gtk-2.0 -I/usr/local/lib/gtk-2.0/include -I/usr/include/pango-1.0 -I/usr/include/cairo -I/usr/include/glib-2.0 -I/usr/lib/glib-2.0/include   conftest.cc >&5
conftest.cc: In function 'int main()':
conftest.cc:26: error: 'exit' was not declared in this scope
configure:4738: $? = 1
configure: failed program was:
| /* confdefs.h.  */
| 
| #define PACKAGE_NAME ""
| #define PACKAGE_TARNAME ""
| #define PACKAGE_VERSION ""
| #define PACKAGE_STRING ""
| #define PACKAGE_BUGREPORT ""
| #define PACKAGE "gmp"
| #define VERSION "0.1"
| #define STDC_HEADERS 1
| #define HAVE_SYS_TYPES_H 1
| #define HAVE_SYS_STAT_H 1
| #define HAVE_STDLIB_H 1
| #define HAVE_STRING_H 1
| #define HAVE_MEMORY_H 1
| #define HAVE_STRINGS_H 1
| #define HAVE_INTTYPES_H 1
| #define HAVE_STDINT_H 1
| #define HAVE_UNISTD_H 1
| #define HAVE_DLFCN_H 1
| /* end confdefs.h.  */
| 
| int
| main ()
| {
| exit (42);
|   ;
|   return 0;
| }
configure:4688: g++ -c -g -O2 -DORBIT2=1 -pthread -I/usr/local/include/gtk-2.0 -I/usr/local/lib/gtk-2.0/include -I/usr/include/libgnomeui-2.0 -I/usr/include/libgnome-2.0 -I/usr/include/libgnomecanvas-2.0 -I/usr/include/libart-2.0 -I/usr/include/gconf/2 -I/usr/include/libbonoboui-2.0 -I/usr/include/gnome-vfs-2.0 -I/usr/lib/gnome-vfs-2.0/include -I/usr/include/gnome-keyring-1 -I/usr/include/glib-2.0 -I/usr/lib/glib-2.0/include -I/usr/include/orbit-2.0 -I/usr/include/libbonobo-2.0 -I/usr/include/bonobo-activation-2.0 -I/usr/include/pango-1.0 -I/usr/include/freetype2 -I/usr/include/atk-1.0 -I/usr/include/cairo -I/usr/include/libxml2   -I/usr/local/include/gtk-2.0 -I/usr/local/lib/gtk-2.0/include -I/usr/include/atk-1.0 -I/usr/include/cairo -I/usr/include/pango-1.0 -I/usr/include/glib-2.0 -I/usr/lib/glib-2.0/include    -I/usr/local/include/gtk-2.0 -I/usr/local/lib/gtk-2.0/include -I/usr/include/pango-1.0 -I/usr/include/cairo -I/usr/include/glib-2.0 -I/usr/lib/glib-2.0/include   conftest.cc >&5
configure:4694: $? = 0
configure:4697: test -z 			 || test ! -s conftest.err
configure:4700: $? = 0
configure:4703: test -s conftest.o
configure:4706: $? = 0
configure:4732: g++ -c -g -O2 -DORBIT2=1 -pthread -I/usr/local/include/gtk-2.0 -I/usr/local/lib/gtk-2.0/include -I/usr/include/libgnomeui-2.0 -I/usr/include/libgnome-2.0 -I/usr/include/libgnomecanvas-2.0 -I/usr/include/libart-2.0 -I/usr/include/gconf/2 -I/usr/include/libbonoboui-2.0 -I/usr/include/gnome-vfs-2.0 -I/usr/lib/gnome-vfs-2.0/include -I/usr/include/gnome-keyring-1 -I/usr/include/glib-2.0 -I/usr/lib/glib-2.0/include -I/usr/include/orbit-2.0 -I/usr/include/libbonobo-2.0 -I/usr/include/bonobo-activation-2.0 -I/usr/include/pango-1.0 -I/usr/include/freetype2 -I/usr/include/atk-1.0 -I/usr/include/cairo -I/usr/include/libxml2   -I/usr/local/include/gtk-2.0 -I/usr/local/lib/gtk-2.0/include -I/usr/include/atk-1.0 -I/usr/include/cairo -I/usr/include/pango-1.0 -I/usr/include/glib-2.0 -I/usr/lib/glib-2.0/include    -I/usr/local/include/gtk-2.0 -I/usr/local/lib/gtk-2.0/include -I/usr/include/pango-1.0 -I/usr/include/cairo -I/usr/include/glib-2.0 -I/usr/lib/glib-2.0/include   conftest.cc >&5
configure:4738: $? = 0
configure:4741: test -z 			 || test ! -s conftest.err
configure:4744: $? = 0
configure:4747: test -s conftest.o
configure:4750: $? = 0
configure:4775: checking dependency style of g++
configure:4865: result: gcc3
configure:4887: checking how to run the C++ preprocessor
configure:4918: g++ -E -DORBIT2=1 -pthread -I/usr/local/include/gtk-2.0 -I/usr/local/lib/gtk-2.0/include -I/usr/include/libgnomeui-2.0 -I/usr/include/libgnome-2.0 -I/usr/include/libgnomecanvas-2.0 -I/usr/include/libart-2.0 -I/usr/include/gconf/2 -I/usr/include/libbonoboui-2.0 -I/usr/include/gnome-vfs-2.0 -I/usr/lib/gnome-vfs-2.0/include -I/usr/include/gnome-keyring-1 -I/usr/include/glib-2.0 -I/usr/lib/glib-2.0/include -I/usr/include/orbit-2.0 -I/usr/include/libbonobo-2.0 -I/usr/include/bonobo-activation-2.0 -I/usr/include/pango-1.0 -I/usr/include/freetype2 -I/usr/include/atk-1.0 -I/usr/include/cairo -I/usr/include/libxml2   -I/usr/local/include/gtk-2.0 -I/usr/local/lib/gtk-2.0/include -I/usr/include/atk-1.0 -I/usr/include/cairo -I/usr/include/pango-1.0 -I/usr/include/glib-2.0 -I/usr/lib/glib-2.0/include    -I/usr/local/include/gtk-2.0 -I/usr/local/lib/gtk-2.0/include -I/usr/include/pango-1.0 -I/usr/include/cairo -I/usr/include/glib-2.0 -I/usr/lib/glib-2.0/include   conftest.cc
configure:4924: $? = 0
configure:4956: g++ -E -DORBIT2=1 -pthread -I/usr/local/include/gtk-2.0 -I/usr/local/lib/gtk-2.0/include -I/usr/include/libgnomeui-2.0 -I/usr/include/libgnome-2.0 -I/usr/include/libgnomecanvas-2.0 -I/usr/include/libart-2.0 -I/usr/include/gconf/2 -I/usr/include/libbonoboui-2.0 -I/usr/include/gnome-vfs-2.0 -I/usr/lib/gnome-vfs-2.0/include -I/usr/include/gnome-keyring-1 -I/usr/include/glib-2.0 -I/usr/lib/glib-2.0/include -I/usr/include/orbit-2.0 -I/usr/include/libbonobo-2.0 -I/usr/include/bonobo-activation-2.0 -I/usr/include/pango-1.0 -I/usr/include/freetype2 -I/usr/include/atk-1.0 -I/usr/include/cairo -I/usr/include/libxml2   -I/usr/local/include/gtk-2.0 -I/usr/local/lib/gtk-2.0/include -I/usr/include/atk-1.0 -I/usr/include/cairo -I/usr/include/pango-1.0 -I/usr/include/glib-2.0 -I/usr/lib/glib-2.0/include    -I/usr/local/include/gtk-2.0 -I/usr/local/lib/gtk-2.0/include -I/usr/include/pango-1.0 -I/usr/include/cairo -I/usr/include/glib-2.0 -I/usr/lib/glib-2.0/include   conftest.cc
conftest.cc:25:28: error: ac_nonexistent.h: No such file or directory
configure:4962: $? = 1
configure: failed program was:
| /* confdefs.h.  */
| 
| #define PACKAGE_NAME ""
| #define PACKAGE_TARNAME ""
| #define PACKAGE_VERSION ""
| #define PACKAGE_STRING ""
| #define PACKAGE_BUGREPORT ""
| #define PACKAGE "gmp"
| #define VERSION "0.1"
| #define STDC_HEADERS 1
| #define HAVE_SYS_TYPES_H 1
| #define HAVE_SYS_STAT_H 1
| #define HAVE_STDLIB_H 1
| #define HAVE_STRING_H 1
| #define HAVE_MEMORY_H 1
| #define HAVE_STRINGS_H 1
| #define HAVE_INTTYPES_H 1
| #define HAVE_STDINT_H 1
| #define HAVE_UNISTD_H 1
| #define HAVE_DLFCN_H 1
| #ifdef __cplusplus
| extern "C" void std::exit (int) throw (); using std::exit;
| #endif
| /* end confdefs.h.  */
| #include <ac_nonexistent.h>
configure:5001: result: g++ -E
configure:5025: g++ -E -DORBIT2=1 -pthread -I/usr/local/include/gtk-2.0 -I/usr/local/lib/gtk-2.0/include -I/usr/include/libgnomeui-2.0 -I/usr/include/libgnome-2.0 -I/usr/include/libgnomecanvas-2.0 -I/usr/include/libart-2.0 -I/usr/include/gconf/2 -I/usr/include/libbonoboui-2.0 -I/usr/include/gnome-vfs-2.0 -I/usr/lib/gnome-vfs-2.0/include -I/usr/include/gnome-keyring-1 -I/usr/include/glib-2.0 -I/usr/lib/glib-2.0/include -I/usr/include/orbit-2.0 -I/usr/include/libbonobo-2.0 -I/usr/include/bonobo-activation-2.0 -I/usr/include/pango-1.0 -I/usr/include/freetype2 -I/usr/include/atk-1.0 -I/usr/include/cairo -I/usr/include/libxml2   -I/usr/local/include/gtk-2.0 -I/usr/local/lib/gtk-2.0/include -I/usr/include/atk-1.0 -I/usr/include/cairo -I/usr/include/pango-1.0 -I/usr/include/glib-2.0 -I/usr/lib/glib-2.0/include    -I/usr/local/include/gtk-2.0 -I/usr/local/lib/gtk-2.0/include -I/usr/include/pango-1.0 -I/usr/include/cairo -I/usr/include/glib-2.0 -I/usr/lib/glib-2.0/include   conftest.cc
configure:5031: $? = 0
configure:5063: g++ -E -DORBIT2=1 -pthread -I/usr/local/include/gtk-2.0 -I/usr/local/lib/gtk-2.0/include -I/usr/include/libgnomeui-2.0 -I/usr/include/libgnome-2.0 -I/usr/include/libgnomecanvas-2.0 -I/usr/include/libart-2.0 -I/usr/include/gconf/2 -I/usr/include/libbonoboui-2.0 -I/usr/include/gnome-vfs-2.0 -I/usr/lib/gnome-vfs-2.0/include -I/usr/include/gnome-keyring-1 -I/usr/include/glib-2.0 -I/usr/lib/glib-2.0/include -I/usr/include/orbit-2.0 -I/usr/include/libbonobo-2.0 -I/usr/include/bonobo-activation-2.0 -I/usr/include/pango-1.0 -I/usr/include/freetype2 -I/usr/include/atk-1.0 -I/usr/include/cairo -I/usr/include/libxml2   -I/usr/local/include/gtk-2.0 -I/usr/local/lib/gtk-2.0/include -I/usr/include/atk-1.0 -I/usr/include/cairo -I/usr/include/pango-1.0 -I/usr/include/glib-2.0 -I/usr/lib/glib-2.0/include    -I/usr/local/include/gtk-2.0 -I/usr/local/lib/gtk-2.0/include -I/usr/include/pango-1.0 -I/usr/include/cairo -I/usr/include/glib-2.0 -I/usr/lib/glib-2.0/include   conftest.cc
conftest.cc:25:28: error: ac_nonexistent.h: No such file or directory
configure:5069: $? = 1
configure: failed program was:
| /* confdefs.h.  */
| 
| #define PACKAGE_NAME ""
| #define PACKAGE_TARNAME ""
| #define PACKAGE_VERSION ""
| #define PACKAGE_STRING ""
| #define PACKAGE_BUGREPORT ""
| #define PACKAGE "gmp"
| #define VERSION "0.1"
| #define STDC_HEADERS 1
| #define HAVE_SYS_TYPES_H 1
| #define HAVE_SYS_STAT_H 1
| #define HAVE_STDLIB_H 1
| #define HAVE_STRING_H 1
| #define HAVE_MEMORY_H 1
| #define HAVE_STRINGS_H 1
| #define HAVE_INTTYPES_H 1
| #define HAVE_STDINT_H 1
| #define HAVE_UNISTD_H 1
| #define HAVE_DLFCN_H 1
| #ifdef __cplusplus
| extern "C" void std::exit (int) throw (); using std::exit;
| #endif
| /* end confdefs.h.  */
| #include <ac_nonexistent.h>
configure:5164: checking for g77
configure:5193: result: no
configure:5164: checking for f77
configure:5193: result: no
configure:5164: checking for xlf
configure:5193: result: no
configure:5164: checking for frt
configure:5193: result: no
configure:5164: checking for pgf77
configure:5193: result: no
configure:5164: checking for fort77
configure:5193: result: no
configure:5164: checking for fl32
configure:5193: result: no
configure:5164: checking for af77
configure:5193: result: no
configure:5164: checking for f90
configure:5193: result: no
configure:5164: checking for xlf90
configure:5193: result: no
configure:5164: checking for pgf90
configure:5193: result: no
configure:5164: checking for epcf90
configure:5193: result: no
configure:5164: checking for f95
configure:5193: result: no
configure:5164: checking for fort
configure:5193: result: no
configure:5164: checking for xlf95
configure:5193: result: no
configure:5164: checking for ifc
configure:5193: result: no
configure:5164: checking for efc
configure:5193: result: no
configure:5164: checking for pgf95
configure:5193: result: no
configure:5164: checking for lf95
configure:5193: result: no
configure:5164: checking for gfortran
configure:5193: result: no
configure:5205: checking for Fortran 77 compiler version
configure:5208:  --version </dev/null >&5
/home/jared/gmp/configure: line 5209: --version: command not found
configure:5211: $? = 127
configure:5213:  -v </dev/null >&5
/home/jared/gmp/configure: line 5214: -v: command not found
configure:5216: $? = 127
configure:5218:  -V </dev/null >&5
/home/jared/gmp/configure: line 5219: -V: command not found
configure:5221: $? = 127
configure:5229: checking whether we are using the GNU Fortran 77 compiler
configure:5243:  -c  conftest.F >&5
/home/jared/gmp/configure: line 5244: -c: command not found
configure:5249: $? = 127
configure: failed program was:
|       program main
| #ifndef __GNUC__
|        choke me
| #endif
| 
|       end
configure:5274: result: no
configure:5280: checking whether  accepts -g
configure:5292:  -c -g conftest.f >&5
/home/jared/gmp/configure: line 5293: -c: command not found
configure:5298: $? = 127
configure: failed program was:
|       program main
| 
|       end
configure:5322: result: no
configure:5352: checking the maximum length of command line arguments
configure:5417: result: 32768
configure:5428: checking command to parse /usr/bin/nm -B output from gcc object
configure:5517: gcc -c -O0 -g3  -DORBIT2=1 -pthread -I/usr/local/include/gtk-2.0 -I/usr/local/lib/gtk-2.0/include -I/usr/include/libgnomeui-2.0 -I/usr/include/libgnome-2.0 -I/usr/include/libgnomecanvas-2.0 -I/usr/include/libart-2.0 -I/usr/include/gconf/2 -I/usr/include/libbonoboui-2.0 -I/usr/include/gnome-vfs-2.0 -I/usr/lib/gnome-vfs-2.0/include -I/usr/include/gnome-keyring-1 -I/usr/include/glib-2.0 -I/usr/lib/glib-2.0/include -I/usr/include/orbit-2.0 -I/usr/include/libbonobo-2.0 -I/usr/include/bonobo-activation-2.0 -I/usr/include/pango-1.0 -I/usr/include/freetype2 -I/usr/include/atk-1.0 -I/usr/include/cairo -I/usr/include/libxml2   -I/usr/local/include/gtk-2.0 -I/usr/local/lib/gtk-2.0/include -I/usr/include/atk-1.0 -I/usr/include/cairo -I/usr/include/pango-1.0 -I/usr/include/glib-2.0 -I/usr/lib/glib-2.0/include    -I/usr/local/include/gtk-2.0 -I/usr/local/lib/gtk-2.0/include -I/usr/include/pango-1.0 -I/usr/include/cairo -I/usr/include/glib-2.0 -I/usr/lib/glib-2.0/include   conftest.c >&5
configure:5520: $? = 0
configure:5524: /usr/bin/nm -B conftest.o \| sed -n -e 's/^.*[ 	]\([ABCDGIRSTW][ABCDGIRSTW]*\)[ 	][ 	]*\(\)\([_A-Za-z][_A-Za-z0-9]*\)$/\1 \2\3 \3/p' \> conftest.nm
configure:5527: $? = 0
configure:5579: gcc -o conftest -O0 -g3  -DORBIT2=1 -pthread -I/usr/local/include/gtk-2.0 -I/usr/local/lib/gtk-2.0/include -I/usr/include/libgnomeui-2.0 -I/usr/include/libgnome-2.0 -I/usr/include/libgnomecanvas-2.0 -I/usr/include/libart-2.0 -I/usr/include/gconf/2 -I/usr/include/libbonoboui-2.0 -I/usr/include/gnome-vfs-2.0 -I/usr/lib/gnome-vfs-2.0/include -I/usr/include/gnome-keyring-1 -I/usr/include/glib-2.0 -I/usr/lib/glib-2.0/include -I/usr/include/orbit-2.0 -I/usr/include/libbonobo-2.0 -I/usr/include/bonobo-activation-2.0 -I/usr/include/pango-1.0 -I/usr/include/freetype2 -I/usr/include/atk-1.0 -I/usr/include/cairo -I/usr/include/libxml2   -I/usr/local/include/gtk-2.0 -I/usr/local/lib/gtk-2.0/include -I/usr/include/atk-1.0 -I/usr/include/cairo -I/usr/include/pango-1.0 -I/usr/include/glib-2.0 -I/usr/lib/glib-2.0/include    -I/usr/local/include/gtk-2.0 -I/usr/local/lib/gtk-2.0/include -I/usr/include/pango-1.0 -I/usr/include/cairo -I/usr/include/glib-2.0 -I/usr/lib/glib-2.0/include   -Wl,--export-dynamic -pthread -L/usr/local/lib -lgnomeui-2 -lSM -lICE -lbonoboui-2 -lgnome-keyring -lxml2 -lz -lgnomecanvas-2 -lgnome-2 -lpopt -lart_lgpl_2 -lpangoft2-1.0 -lgtk-x11-2.0 -lgdk-x11-2.0 -latk-1.0 -lgdk_pixbuf-2.0 -lpangocairo-1.0 -lpango-1.0 -lcairo -lgnomevfs-2 -lbonobo-2 -lgconf-2 -lgobject-2.0 -lbonobo-activation -lORBit-2 -lm -lgmodule-2.0 -ldl -lgthread-2.0 -lglib-2.0   -L/usr/local/lib -lgtk-x11-2.0 -lgdk-x11-2.0 -latk-1.0 -lgdk_pixbuf-2.0 -lm -lpangocairo-1.0 -lpango-1.0 -lcairo -lgobject-2.0 -lgmodule-2.0 -ldl -lglib-2.0    -L/usr/local/lib -lgdk-x11-2.0 -lgdk_pixbuf-2.0 -lm -lpangocairo-1.0 -lpango-1.0 -lcairo -lgobject-2.0 -lgmodule-2.0 -ldl -lglib-2.0   conftest.c conftstm.o >&5
configure:5582: $? = 0
configure:5620: result: ok
configure:5624: checking for objdir
configure:5639: result: .libs
configure:5729: checking for ar
configure:5745: found /usr/bin/ar
configure:5756: result: ar
configure:5809: checking for ranlib
configure:5825: found /usr/bin/ranlib
configure:5836: result: ranlib
configure:5889: checking for strip
configure:5905: found /usr/bin/strip
configure:5916: result: strip
configure:6178: checking if gcc static flag  works
configure:6201: result: yes
configure:6219: checking if gcc supports -fno-rtti -fno-exceptions
configure:6237: gcc -c -O0 -g3  -DORBIT2=1 -pthread -I/usr/local/include/gtk-2.0 -I/usr/local/lib/gtk-2.0/include -I/usr/include/libgnomeui-2.0 -I/usr/include/libgnome-2.0 -I/usr/include/libgnomecanvas-2.0 -I/usr/include/libart-2.0 -I/usr/include/gconf/2 -I/usr/include/libbonoboui-2.0 -I/usr/include/gnome-vfs-2.0 -I/usr/lib/gnome-vfs-2.0/include -I/usr/include/gnome-keyring-1 -I/usr/include/glib-2.0 -I/usr/lib/glib-2.0/include -I/usr/include/orbit-2.0 -I/usr/include/libbonobo-2.0 -I/usr/include/bonobo-activation-2.0 -I/usr/include/pango-1.0 -I/usr/include/freetype2 -I/usr/include/atk-1.0 -I/usr/include/cairo -I/usr/include/libxml2   -I/usr/local/include/gtk-2.0 -I/usr/local/lib/gtk-2.0/include -I/usr/include/atk-1.0 -I/usr/include/cairo -I/usr/include/pango-1.0 -I/usr/include/glib-2.0 -I/usr/lib/glib-2.0/include    -I/usr/local/include/gtk-2.0 -I/usr/local/lib/gtk-2.0/include -I/usr/include/pango-1.0 -I/usr/include/cairo -I/usr/include/glib-2.0 -I/usr/lib/glib-2.0/include   -fno-rtti -fno-exceptions conftest.c >&5
cc1: warning: command line option "-fno-rtti" is valid for C++/ObjC++ but not for C
configure:6241: $? = 0
configure:6252: result: no
configure:6267: checking for gcc option to produce PIC
configure:6444: result: -fPIC
configure:6452: checking if gcc PIC flag -fPIC works
configure:6470: gcc -c -O0 -g3  -DORBIT2=1 -pthread -I/usr/local/include/gtk-2.0 -I/usr/local/lib/gtk-2.0/include -I/usr/include/libgnomeui-2.0 -I/usr/include/libgnome-2.0 -I/usr/include/libgnomecanvas-2.0 -I/usr/include/libart-2.0 -I/usr/include/gconf/2 -I/usr/include/libbonoboui-2.0 -I/usr/include/gnome-vfs-2.0 -I/usr/lib/gnome-vfs-2.0/include -I/usr/include/gnome-keyring-1 -I/usr/include/glib-2.0 -I/usr/lib/glib-2.0/include -I/usr/include/orbit-2.0 -I/usr/include/libbonobo-2.0 -I/usr/include/bonobo-activation-2.0 -I/usr/include/pango-1.0 -I/usr/include/freetype2 -I/usr/include/atk-1.0 -I/usr/include/cairo -I/usr/include/libxml2   -I/usr/local/include/gtk-2.0 -I/usr/local/lib/gtk-2.0/include -I/usr/include/atk-1.0 -I/usr/include/cairo -I/usr/include/pango-1.0 -I/usr/include/glib-2.0 -I/usr/lib/glib-2.0/include    -I/usr/local/include/gtk-2.0 -I/usr/local/lib/gtk-2.0/include -I/usr/include/pango-1.0 -I/usr/include/cairo -I/usr/include/glib-2.0 -I/usr/lib/glib-2.0/include   -fPIC -DPIC conftest.c >&5
configure:6474: $? = 0
configure:6485: result: yes
configure:6509: checking if gcc supports -c -o file.o
configure:6530: gcc -c -O0 -g3  -DORBIT2=1 -pthread -I/usr/local/include/gtk-2.0 -I/usr/local/lib/gtk-2.0/include -I/usr/include/libgnomeui-2.0 -I/usr/include/libgnome-2.0 -I/usr/include/libgnomecanvas-2.0 -I/usr/include/libart-2.0 -I/usr/include/gconf/2 -I/usr/include/libbonoboui-2.0 -I/usr/include/gnome-vfs-2.0 -I/usr/lib/gnome-vfs-2.0/include -I/usr/include/gnome-keyring-1 -I/usr/include/glib-2.0 -I/usr/lib/glib-2.0/include -I/usr/include/orbit-2.0 -I/usr/include/libbonobo-2.0 -I/usr/include/bonobo-activation-2.0 -I/usr/include/pango-1.0 -I/usr/include/freetype2 -I/usr/include/atk-1.0 -I/usr/include/cairo -I/usr/include/libxml2   -I/usr/local/include/gtk-2.0 -I/usr/local/lib/gtk-2.0/include -I/usr/include/atk-1.0 -I/usr/include/cairo -I/usr/include/pango-1.0 -I/usr/include/glib-2.0 -I/usr/lib/glib-2.0/include    -I/usr/local/include/gtk-2.0 -I/usr/local/lib/gtk-2.0/include -I/usr/include/pango-1.0 -I/usr/include/cairo -I/usr/include/glib-2.0 -I/usr/lib/glib-2.0/include   -o out/conftest2.o conftest.c >&5
configure:6534: $? = 0
configure:6554: result: yes
configure:6580: checking whether the gcc linker (/usr/bin/ld) supports shared libraries
configure:7427: result: yes
configure:7453: checking whether -lc should be explicitly linked in
configure:7458: gcc -c -O0 -g3  -DORBIT2=1 -pthread -I/usr/local/include/gtk-2.0 -I/usr/local/lib/gtk-2.0/include -I/usr/include/libgnomeui-2.0 -I/usr/include/libgnome-2.0 -I/usr/include/libgnomecanvas-2.0 -I/usr/include/libart-2.0 -I/usr/include/gconf/2 -I/usr/include/libbonoboui-2.0 -I/usr/include/gnome-vfs-2.0 -I/usr/lib/gnome-vfs-2.0/include -I/usr/include/gnome-keyring-1 -I/usr/include/glib-2.0 -I/usr/lib/glib-2.0/include -I/usr/include/orbit-2.0 -I/usr/include/libbonobo-2.0 -I/usr/include/bonobo-activation-2.0 -I/usr/include/pango-1.0 -I/usr/include/freetype2 -I/usr/include/atk-1.0 -I/usr/include/cairo -I/usr/include/libxml2   -I/usr/local/include/gtk-2.0 -I/usr/local/lib/gtk-2.0/include -I/usr/include/atk-1.0 -I/usr/include/cairo -I/usr/include/pango-1.0 -I/usr/include/glib-2.0 -I/usr/lib/glib-2.0/include    -I/usr/local/include/gtk-2.0 -I/usr/local/lib/gtk-2.0/include -I/usr/include/pango-1.0 -I/usr/include/cairo -I/usr/include/glib-2.0 -I/usr/lib/glib-2.0/include   conftest.c >&5
configure:7461: $? = 0
configure:7475: gcc -shared conftest.o  -v -Wl,-soname -Wl,conftest -o conftest 2\>\&1 \| grep  -lc  \>/dev/null 2\>\&1
configure:7478: $? = 0
configure:7490: result: no
configure:7498: checking dynamic linker characteristics
configure:8050: result: GNU/Linux ld.so
configure:8054: checking how to hardcode library paths into programs
configure:8079: result: immediate
configure:8093: checking whether stripping libraries is possible
configure:8098: result: yes
configure:8921: checking if libtool supports shared libraries
configure:8923: result: yes
configure:8926: checking whether to build shared libraries
configure:8984: result: yes
configure:8987: checking whether to build static libraries
configure:8991: result: yes
configure:9083: creating libtool
configure:9630: checking for ld used by g++
configure:9697: result: /usr/bin/ld
configure:9706: checking if the linker (/usr/bin/ld) is GNU ld
configure:9721: result: yes
configure:9772: checking whether the g++ linker (/usr/bin/ld) supports shared libraries
configure:10598: result: yes
configure:10616: g++ -c -g -O2 -DORBIT2=1 -pthread -I/usr/local/include/gtk-2.0 -I/usr/local/lib/gtk-2.0/include -I/usr/include/libgnomeui-2.0 -I/usr/include/libgnome-2.0 -I/usr/include/libgnomecanvas-2.0 -I/usr/include/libart-2.0 -I/usr/include/gconf/2 -I/usr/include/libbonoboui-2.0 -I/usr/include/gnome-vfs-2.0 -I/usr/lib/gnome-vfs-2.0/include -I/usr/include/gnome-keyring-1 -I/usr/include/glib-2.0 -I/usr/lib/glib-2.0/include -I/usr/include/orbit-2.0 -I/usr/include/libbonobo-2.0 -I/usr/include/bonobo-activation-2.0 -I/usr/include/pango-1.0 -I/usr/include/freetype2 -I/usr/include/atk-1.0 -I/usr/include/cairo -I/usr/include/libxml2   -I/usr/local/include/gtk-2.0 -I/usr/local/lib/gtk-2.0/include -I/usr/include/atk-1.0 -I/usr/include/cairo -I/usr/include/pango-1.0 -I/usr/include/glib-2.0 -I/usr/lib/glib-2.0/include    -I/usr/local/include/gtk-2.0 -I/usr/local/lib/gtk-2.0/include -I/usr/include/pango-1.0 -I/usr/include/cairo -I/usr/include/glib-2.0 -I/usr/lib/glib-2.0/include   conftest.cc >&5
configure:10619: $? = 0
configure:10715: checking for g++ option to produce PIC
configure:10967: result: -fPIC
configure:10975: checking if g++ PIC flag -fPIC works
configure:10993: g++ -c -g -O2 -DORBIT2=1 -pthread -I/usr/local/include/gtk-2.0 -I/usr/local/lib/gtk-2.0/include -I/usr/include/libgnomeui-2.0 -I/usr/include/libgnome-2.0 -I/usr/include/libgnomecanvas-2.0 -I/usr/include/libart-2.0 -I/usr/include/gconf/2 -I/usr/include/libbonoboui-2.0 -I/usr/include/gnome-vfs-2.0 -I/usr/lib/gnome-vfs-2.0/include -I/usr/include/gnome-keyring-1 -I/usr/include/glib-2.0 -I/usr/lib/glib-2.0/include -I/usr/include/orbit-2.0 -I/usr/include/libbonobo-2.0 -I/usr/include/bonobo-activation-2.0 -I/usr/include/pango-1.0 -I/usr/include/freetype2 -I/usr/include/atk-1.0 -I/usr/include/cairo -I/usr/include/libxml2   -I/usr/local/include/gtk-2.0 -I/usr/local/lib/gtk-2.0/include -I/usr/include/atk-1.0 -I/usr/include/cairo -I/usr/include/pango-1.0 -I/usr/include/glib-2.0 -I/usr/lib/glib-2.0/include    -I/usr/local/include/gtk-2.0 -I/usr/local/lib/gtk-2.0/include -I/usr/include/pango-1.0 -I/usr/include/cairo -I/usr/include/glib-2.0 -I/usr/lib/glib-2.0/include   -fPIC -DPIC conftest.cc >&5
configure:10997: $? = 0
configure:11008: result: yes
configure:11032: checking if g++ supports -c -o file.o
configure:11053: g++ -c -g -O2 -DORBIT2=1 -pthread -I/usr/local/include/gtk-2.0 -I/usr/local/lib/gtk-2.0/include -I/usr/include/libgnomeui-2.0 -I/usr/include/libgnome-2.0 -I/usr/include/libgnomecanvas-2.0 -I/usr/include/libart-2.0 -I/usr/include/gconf/2 -I/usr/include/libbonoboui-2.0 -I/usr/include/gnome-vfs-2.0 -I/usr/lib/gnome-vfs-2.0/include -I/usr/include/gnome-keyring-1 -I/usr/include/glib-2.0 -I/usr/lib/glib-2.0/include -I/usr/include/orbit-2.0 -I/usr/include/libbonobo-2.0 -I/usr/include/bonobo-activation-2.0 -I/usr/include/pango-1.0 -I/usr/include/freetype2 -I/usr/include/atk-1.0 -I/usr/include/cairo -I/usr/include/libxml2   -I/usr/local/include/gtk-2.0 -I/usr/local/lib/gtk-2.0/include -I/usr/include/atk-1.0 -I/usr/include/cairo -I/usr/include/pango-1.0 -I/usr/include/glib-2.0 -I/usr/lib/glib-2.0/include    -I/usr/local/include/gtk-2.0 -I/usr/local/lib/gtk-2.0/include -I/usr/include/pango-1.0 -I/usr/include/cairo -I/usr/include/glib-2.0 -I/usr/lib/glib-2.0/include   -o out/conftest2.o conftest.cc >&5
configure:11057: $? = 0
configure:11077: result: yes
configure:11103: checking whether the g++ linker (/usr/bin/ld) supports shared libraries
configure:11131: result: yes
configure:11202: checking dynamic linker characteristics
configure:11754: result: GNU/Linux ld.so
configure:11758: checking how to hardcode library paths into programs
configure:11783: result: immediate
configure:11797: checking whether stripping libraries is possible
configure:11802: result: yes
configure:19163: creating ./config.status

## ---------------------- ##
## Running config.status. ##
## ---------------------- ##

This file was extended by config.status, which was
generated by GNU Autoconf 2.59.  Invocation command line was

  CONFIG_FILES    = 
  CONFIG_HEADERS  = 
  CONFIG_LINKS    = 
  CONFIG_COMMANDS = 
  $ ./config.status 

on lostsidedead

config.status:754: creating Makefile
config.status:754: creating src/Makefile
config.status:813: creating config.h
config.status:1101: executing depfiles commands

## ---------------- ##
## Cache variables. ##
## ---------------- ##

ac_cv_build=i686-pc-linux-gnu
ac_cv_build_alias=i686-pc-linux-gnu
ac_cv_c_compiler_gnu=yes
ac_cv_cxx_compiler_gnu=yes
ac_cv_env_CC_set=
ac_cv_env_CC_value=
ac_cv_env_CFLAGS_set=set
ac_cv_env_CFLAGS_value='-O0 -g3 '
ac_cv_env_CPPFLAGS_set=set
ac_cv_env_CPPFLAGS_value='-DORBIT2=1 -pthread -I/usr/local/include/gtk-2.0 -I/usr/local/lib/gtk-2.0/include -I/usr/include/libgnomeui-2.0 -I/usr/include/libgnome-2.0 -I/usr/include/libgnomecanvas-2.0 -I/usr/include/libart-2.0 -I/usr/include/gconf/2 -I/usr/include/libbonoboui-2.0 -I/usr/include/gnome-vfs-2.0 -I/usr/lib/gnome-vfs-2.0/include -I/usr/include/gnome-keyring-1 -I/usr/include/glib-2.0 -I/usr/lib/glib-2.0/include -I/usr/include/orbit-2.0 -I/usr/include/libbonobo-2.0 -I/usr/include/bonobo-activation-2.0 -I/usr/include/pango-1.0 -I/usr/include/freetype2 -I/usr/include/atk-1.0 -I/usr/include/cairo -I/usr/include/libxml2   -I/usr/local/include/gtk-2.0 -I/usr/local/lib/gtk-2.0/include -I/usr/include/atk-1.0 -I/usr/include/cairo -I/usr/include/pango-1.0 -I/usr/include/glib-2.0 -I/usr/lib/glib-2.0/include    -I/usr/local/include/gtk-2.0 -I/usr/local/lib/gtk-2.0/include -I/usr/include/pango-1.0 -I/usr/include/cairo -I/usr/include/glib-2.0 -I/usr/lib/glib-2.0/include  '
ac_cv_env_CPP_set=
ac_cv_env_CPP_value=
ac_cv_env_CXXCPP_set=
ac_cv_env_CXXCPP_value=
ac_cv_env_CXXFLAGS_set=
ac_cv_env_CXXFLAGS_value=
ac_cv_env_CXX_set=
ac_cv_env_CXX_value=
ac_cv_env_F77_set=
ac_cv_env_F77_value=
ac_cv_env_FFLAGS_set=
ac_cv_env_FFLAGS_value=
ac_cv_env_LDFLAGS_set=set
ac_cv_env_LDFLAGS_value='-Wl,--export-dynamic -pthread -L/usr/local/lib -lgnomeui-2 -lSM -lICE -lbonoboui-2 -lgnome-keyring -lxml2 -lz -lgnomecanvas-2 -lgnome-2 -lpopt -lart_lgpl_2 -lpangoft2-1.0 -lgtk-x11-2.0 -lgdk-x11-2.0 -latk-1.0 -lgdk_pixbuf-2.0 -lpangocairo-1.0 -lpango-1.0 -lcairo -lgnomevfs-2 -lbonobo-2 -lgconf-2 -lgobject-2.0 -lbonobo-activation -lORBit-2 -lm -lgmodule-2.0 -ldl -lgthread-2.0 -lglib-2.0   -L/usr/local/lib -lgtk-x11-2.0 -lgdk-x11-2.0 -latk-1.0 -lgdk_pixbuf-2.0 -lm -lpangocairo-1.0 -lpango-1.0 -lcairo -lgobject-2.0 -lgmodule-2.0 -ldl -lglib-2.0    -L/usr/local/lib -lgdk-x11-2.0 -lgdk_pixbuf-2.0 -lm -lpangocairo-1.0 -lpango-1.0 -lcairo -lgobject-2.0 -lgmodule-2.0 -ldl -lglib-2.0  '
ac_cv_env_build_alias_set=
ac_cv_env_build_alias_value=
ac_cv_env_host_alias_set=
ac_cv_env_host_alias_value=
ac_cv_env_target_alias_set=
ac_cv_env_target_alias_value=
ac_cv_exeext=
ac_cv_f77_compiler_gnu=no
ac_cv_header_dlfcn_h=yes
ac_cv_header_inttypes_h=yes
ac_cv_header_memory_h=yes
ac_cv_header_stdc=yes
ac_cv_header_stdint_h=yes
ac_cv_header_stdlib_h=yes
ac_cv_header_string_h=yes
ac_cv_header_strings_h=yes
ac_cv_header_sys_stat_h=yes
ac_cv_header_sys_types_h=yes
ac_cv_header_unistd_h=yes
ac_cv_host=i686-pc-linux-gnu
ac_cv_host_alias=i686-pc-linux-gnu
ac_cv_objext=o
ac_cv_path_install='/usr/bin/install -c'
ac_cv_prog_AWK=mawk
ac_cv_prog_CPP='gcc -E'
ac_cv_prog_CXXCPP='g++ -E'
ac_cv_prog_ac_ct_AR=ar
ac_cv_prog_ac_ct_CC=gcc
ac_cv_prog_ac_ct_CXX=g++
ac_cv_prog_ac_ct_RANLIB=ranlib
ac_cv_prog_ac_ct_STRIP=strip
ac_cv_prog_cc_g=yes
ac_cv_prog_cc_stdc=
ac_cv_prog_cxx_g=yes
ac_cv_prog_egrep='grep -E'
ac_cv_prog_f77_g=no
ac_cv_prog_make_make_set=yes
am_cv_CC_dependencies_compiler_type=gcc3
am_cv_CXX_dependencies_compiler_type=gcc3
lt_cv_deplibs_check_method=pass_all
lt_cv_file_magic_cmd='$MAGIC_CMD'
lt_cv_file_magic_test_file=
lt_cv_ld_reload_flag=-r
lt_cv_objdir=.libs
lt_cv_path_LD=/usr/bin/ld
lt_cv_path_LDCXX=/usr/bin/ld
lt_cv_path_NM='/usr/bin/nm -B'
lt_cv_path_SED=/bin/sed
lt_cv_prog_compiler_c_o=yes
lt_cv_prog_compiler_c_o_CXX=yes
lt_cv_prog_compiler_rtti_exceptions=no
lt_cv_prog_gnu_ld=yes
lt_cv_prog_gnu_ldcxx=yes
lt_cv_sys_global_symbol_pipe='sed -n -e '\''s/^.*[ 	]\([ABCDGIRSTW][ABCDGIRSTW]*\)[ 	][ 	]*\(\)\([_A-Za-z][_A-Za-z0-9]*\)$/\1 \2\3 \3/p'\'''
lt_cv_sys_global_symbol_to_c_name_address='sed -n -e '\''s/^: \([^ ]*\) $/  {\"\1\", (lt_ptr) 0},/p'\'' -e '\''s/^[BCDEGRST] \([^ ]*\) \([^ ]*\)$/  {"\2", (lt_ptr) \&\2},/p'\'''
lt_cv_sys_global_symbol_to_cdecl='sed -n -e '\''s/^. .* \(.*\)$/extern int \1;/p'\'''
lt_cv_sys_max_cmd_len=32768
lt_lt_cv_prog_compiler_c_o='"yes"'
lt_lt_cv_prog_compiler_c_o_CXX='"yes"'
lt_lt_cv_sys_global_symbol_pipe='"sed -n -e '\''s/^.*[ 	]\\([ABCDGIRSTW][ABCDGIRSTW]*\\)[ 	][ 	]*\\(\\)\\([_A-Za-z][_A-Za-z0-9]*\\)\$/\\1 \\2\\3 \\3/p'\''"'
lt_lt_cv_sys_global_symbol_to_c_name_address='"sed -n -e '\''s/^: \\([^ ]*\\) \$/  {\\\"\\1\\\", (lt_ptr) 0},/p'\'' -e '\''s/^[BCDEGRST] \\([^ ]*\\) \\([^ ]*\\)\$/  {\"\\2\", (lt_ptr) \\&\\2},/p'\''"'
lt_lt_cv_sys_global_symbol_to_cdecl='"sed -n -e '\''s/^. .* \\(.*\\)\$/extern int \\1;/p'\''"'

## ----------------- ##
## Output variables. ##
## ----------------- ##

ACLOCAL='${SHELL} /home/jared/gmp/missing --run aclocal-1.9'
AMDEPBACKSLASH='\'
AMDEP_FALSE='#'
AMDEP_TRUE=''
AMTAR='${SHELL} /home/jared/gmp/missing --run tar'
AR='ar'
AUTOCONF='${SHELL} /home/jared/gmp/missing --run autoconf'
AUTOHEADER='${SHELL} /home/jared/gmp/missing --run autoheader'
AUTOMAKE='${SHELL} /home/jared/gmp/missing --run automake-1.9'
AWK='mawk'
CC='gcc'
CCDEPMODE='depmode=gcc3'
CFLAGS='-O0 -g3 '
CPP='gcc -E'
CPPFLAGS='-DORBIT2=1 -pthread -I/usr/local/include/gtk-2.0 -I/usr/local/lib/gtk-2.0/include -I/usr/include/libgnomeui-2.0 -I/usr/include/libgnome-2.0 -I/usr/include/libgnomecanvas-2.0 -I/usr/include/libart-2.0 -I/usr/include/gconf/2 -I/usr/include/libbonoboui-2.0 -I/usr/include/gnome-vfs-2.0 -I/usr/lib/gnome-vfs-2.0/include -I/usr/include/gnome-keyring-1 -I/usr/include/glib-2.0 -I/usr/lib/glib-2.0/include -I/usr/include/orbit-2.0 -I/usr/include/libbonobo-2.0 -I/usr/include/bonobo-activation-2.0 -I/usr/include/pango-1.0 -I/usr/include/freetype2 -I/usr/include/atk-1.0 -I/usr/include/cairo -I/usr/include/libxml2   -I/usr/local/include/gtk-2.0 -I/usr/local/lib/gtk-2.0/include -I/usr/include/atk-1.0 -I/usr/include/cairo -I/usr/include/pango-1.0 -I/usr/include/glib-2.0 -I/usr/lib/glib-2.0/include    -I/usr/local/include/gtk-2.0 -I/usr/local/lib/gtk-2.0/include -I/usr/include/pango-1.0 -I/usr/include/cairo -I/usr/include/glib-2.0 -I/usr/lib/glib-2.0/include  '
CXX='g++'
CXXCPP='g++ -E'
CXXDEPMODE='depmode=gcc3'
CXXFLAGS='-g -O2'
CYGPATH_W='echo'
DEFS='-DHAVE_CONFIG_H'
DEPDIR='.deps'
ECHO='echo'
ECHO_C=''
ECHO_N='-n'
ECHO_T=''
EGREP='grep -E'
EXEEXT=''
F77=''
FFLAGS=''
INSTALL_DATA='${INSTALL} -m 644'
INSTALL_PROGRAM='${INSTALL}'
INSTALL_SCRIPT='${INSTALL}'
INSTALL_STRIP_PROGRAM='${SHELL} $(install_sh) -c -s'
LDFLAGS='-Wl,--export-dynamic -pthread -L/usr/local/lib -lgnomeui-2 -lSM -lICE -lbonoboui-2 -lgnome-keyring -lxml2 -lz -lgnomecanvas-2 -lgnome-2 -lpopt -lart_lgpl_2 -lpangoft2-1.0 -lgtk-x11-2.0 -lgdk-x11-2.0 -latk-1.0 -lgdk_pixbuf-2.0 -lpangocairo-1.0 -lpango-1.0 -lcairo -lgnomevfs-2 -lbonobo-2 -lgconf-2 -lgobject-2.0 -lbonobo-activation -lORBit-2 -lm -lgmodule-2.0 -ldl -lgthread-2.0 -lglib-2.0   -L/usr/local/lib -lgtk-x11-2.0 -lgdk-x11-2.0 -latk-1.0 -lgdk_pixbuf-2.0 -lm -lpangocairo-1.0 -lpango-1.0 -lcairo -lgobject-2.0 -lgmodule-2.0 -ldl -lglib-2.0    -L/usr/local/lib -lgdk-x11-2.0 -lgdk_pixbuf-2.0 -lm -lpangocairo-1.0 -lpango-1.0 -lcairo -lgobject-2.0 -lgmodule-2.0 -ldl -lglib-2.0  '
LIBOBJS=''
LIBS=''
LIBTOOL='$(SHELL) $(top_builddir)/libtool'
LN_S='ln -s'
LTLIBOBJS=''
MAKEINFO='${SHELL} /home/jared/gmp/missing --run makeinfo'
OBJEXT='o'
PACKAGE='gmp'
PACKAGE_BUGREPORT=''
PACKAGE_NAME=''
PACKAGE_STRING=''
PACKAGE_TARNAME=''
PACKAGE_VERSION=''
PATH_SEPARATOR=':'
RANLIB='ranlib'
SET_MAKE=''
SHELL='/bin/sh'
STRIP='strip'
VERSION='0.1'
ac_ct_AR='ar'
ac_ct_CC='gcc'
ac_ct_CXX='g++'
ac_ct_F77=''
ac_ct_RANLIB='ranlib'
ac_ct_STRIP='strip'
am__fastdepCC_FALSE='#'
am__fastdepCC_TRUE=''
am__fastdepCXX_FALSE='#'
am__fastdepCXX_TRUE=''
am__include='include'
am__leading_dot='.'
am__quote=''
am__tar='${AMTAR} chof - "$$tardir"'
am__untar='${AMTAR} xf -'
bindir='${exec_prefix}/bin'
build='i686-pc-linux-gnu'
build_alias=''
build_cpu='i686'
build_os='linux-gnu'
build_vendor='pc'
datadir='${prefix}/share'
exec_prefix='${prefix}'
host='i686-pc-linux-gnu'
host_alias=''
host_cpu='i686'
host_os='linux-gnu'
host_vendor='pc'
includedir='${prefix}/include'
infodir='${prefix}/info'
install_sh='/home/jared/gmp/install-sh'
libdir='${exec_prefix}/lib'
libexecdir='${exec_prefix}/libexec'
localstatedir='${prefix}/var'
mandir='${prefix}/man'
mkdir_p='mkdir -p --'
oldincludedir='/usr/include'
prefix='/usr/local'
program_transform_name='s,x,x,'
sbindir='${exec_prefix}/sbin'
sharedstatedir='${prefix}/com'
sysconfdir='${prefix}/etc'
target_alias=''

## ----------- ##
## confdefs.h. ##
## ----------- ##

#define HAVE_DLFCN_H 1
#define HAVE_INTTYPES_H 1
#define HAVE_MEMORY_H 1
#define HAVE_STDINT_H 1
#define HAVE_STDLIB_H 1
#define HAVE_STRINGS_H 1
#define HAVE_STRING_H 1
#define HAVE_SYS_STAT_H 1
#define HAVE_SYS_TYPES_H 1
#define HAVE_UNISTD_H 1
#define PACKAGE "gmp"
#define PACKAGE_BUGREPORT ""
#define PACKAGE_NAME ""
#define PACKAGE_STRING ""
#define PACKAGE_TARNAME ""
#define PACKAGE_VERSION ""
#define STDC_HEADERS 1
#define VERSION "0.1"
#endif
#ifdef __cplusplus
extern "C" void std::exit (int) throw (); using std::exit;

configure: exit 0
